2023-08-11 18:37:35,552 [INFO] Activator:176 - 


2023-08-11 18:37:35,554 [INFO] Activator:177 - !SESSION log4j initialized
2023-08-11 18:37:38,600 [INFO] LogOutputStream:77 - [STDOUT_REDIRECT] 
2023-08-11 18:37:45,158 [INFO] ApplicationProperties:184 - Using Application install path: C:\STM32\STM32CubeIDE\STM32CubeIDE\plugins\com.st.stm32cube.common.mx_6.9.1.202307191849
2023-08-11 18:37:45,169 [INFO] DbMcusXml:78 - Set database path to: C:\STM32\STM32CubeIDE\STM32CubeIDE\plugins\com.st.stm32cube.common.mx_6.9.1.202307191849\\db\/mcu/
2023-08-11 18:37:45,170 [INFO] ApiDb:274 - Set plugin database path to: C:\STM32\STM32CubeIDE\STM32CubeIDE\plugins\com.st.stm32cube.common.mx_6.9.1.202307191849\\db\/plugins/boardmanager/
2023-08-11 18:37:45,171 [WARN] ApiDb:259 - Overriding images path with different value:  => C:\STM32\STM32CubeIDE\STM32CubeIDE\plugins\com.st.stm32cube.common.mx_6.9.1.202307191849\\db\/plugins/mcufinder/images/
2023-08-11 18:37:45,181 [INFO] ApiDb:250 - Set database path to: C:\Users\ZoMbiE\.stmcufinder\plugins\mcufinder//mcu/
2023-08-11 18:37:45,182 [INFO] DbMcusAds:125 - Set database path to: C:\Users\ZoMbiE\.stmcufinder\plugins\mcufinder//mcu/
2023-08-11 18:37:45,183 [INFO] CrossReferenceDbSqlite:203 - Set database path to: C:\Users\ZoMbiE\.stmcufinder\plugins\mcufinder//mcu/cs/
2023-08-11 18:37:45,270 [INFO] RulesReader:64 - Compatibility file has been processed (293 Rules)
2023-08-11 18:37:45,343 [INFO] DbMcusXml:78 - Set database path to: C:\STM32\STM32CubeIDE\STM32CubeIDE\plugins\com.st.stm32cube.common.mx_6.9.1.202307191849\\db\/mcu/
2023-08-11 18:37:45,343 [INFO] ApiDb:274 - Set plugin database path to: C:\STM32\STM32CubeIDE\STM32CubeIDE\plugins\com.st.stm32cube.common.mx_6.9.1.202307191849\\db\/plugins/boardmanager/
2023-08-11 18:37:45,344 [INFO] ApiDb:261 - Set plugin images path to: C:\STM32\STM32CubeIDE\STM32CubeIDE\plugins\com.st.stm32cube.common.mx_6.9.1.202307191849\\db\/plugins/mcufinder/images/
2023-08-11 18:37:45,344 [WARN] DbFile:41 - Overriding database path with different value: C:\Users\ZoMbiE\.stmcufinder\plugins\mcufinder/ => C:\Users\ZoMbiE\.stmcufinder\plugins\mcufinder
2023-08-11 18:37:45,344 [INFO] ApiDb:250 - Set database path to: C:\Users\ZoMbiE\.stmcufinder\plugins\mcufinder//mcu/
2023-08-11 18:37:45,344 [WARN] DbFile:41 - Overriding database path with different value: C:\Users\ZoMbiE\.stmcufinder\plugins\mcufinder/ => C:\Users\ZoMbiE\.stmcufinder\plugins\mcufinder
2023-08-11 18:37:45,344 [INFO] DbMcusAds:125 - Set database path to: C:\Users\ZoMbiE\.stmcufinder\plugins\mcufinder//mcu/
2023-08-11 18:37:45,344 [WARN] DbFile:41 - Overriding database path with different value: C:\Users\ZoMbiE\.stmcufinder\plugins\mcufinder/ => C:\Users\ZoMbiE\.stmcufinder\plugins\mcufinder
2023-08-11 18:37:45,344 [WARN] DbFile:41 - Overriding database path with different value: C:\Users\ZoMbiE\.stmcufinder\plugins\mcufinder/ => C:\Users\ZoMbiE\.stmcufinder\plugins\mcufinder
2023-08-11 18:37:45,345 [INFO] CrossReferenceDbSqlite:203 - Set database path to: C:\Users\ZoMbiE\.stmcufinder\plugins\mcufinder//mcu/cs/
2023-08-11 18:37:45,405 [INFO] MainPanel:262 - HeapMemory: 268435456
2023-08-11 18:37:45,473 [INFO] DbMcusXml:78 - Set database path to: C:\STM32\STM32CubeIDE\STM32CubeIDE\plugins\com.st.stm32cube.common.mx_6.9.1.202307191849\\db\/mcu/
2023-08-11 18:37:45,473 [INFO] ApiDb:274 - Set plugin database path to: C:\STM32\STM32CubeIDE\STM32CubeIDE\plugins\com.st.stm32cube.common.mx_6.9.1.202307191849\\db\/plugins/boardmanager/
2023-08-11 18:37:45,473 [INFO] ApiDb:261 - Set plugin images path to: C:\STM32\STM32CubeIDE\STM32CubeIDE\plugins\com.st.stm32cube.common.mx_6.9.1.202307191849\\db\/plugins/mcufinder/images/
2023-08-11 18:37:45,473 [WARN] DbFile:41 - Overriding database path with different value: C:\Users\ZoMbiE\.stmcufinder\plugins\mcufinder/ => C:\Users\ZoMbiE\.stmcufinder\plugins\mcufinder
2023-08-11 18:37:45,473 [INFO] ApiDb:250 - Set database path to: C:\Users\ZoMbiE\.stmcufinder\plugins\mcufinder//mcu/
2023-08-11 18:37:45,473 [WARN] DbFile:41 - Overriding database path with different value: C:\Users\ZoMbiE\.stmcufinder\plugins\mcufinder/ => C:\Users\ZoMbiE\.stmcufinder\plugins\mcufinder
2023-08-11 18:37:45,473 [INFO] DbMcusAds:125 - Set database path to: C:\Users\ZoMbiE\.stmcufinder\plugins\mcufinder//mcu/
2023-08-11 18:37:45,474 [WARN] DbFile:41 - Overriding database path with different value: C:\Users\ZoMbiE\.stmcufinder\plugins\mcufinder/ => C:\Users\ZoMbiE\.stmcufinder\plugins\mcufinder
2023-08-11 18:37:45,474 [WARN] DbFile:41 - Overriding database path with different value: C:\Users\ZoMbiE\.stmcufinder\plugins\mcufinder/ => C:\Users\ZoMbiE\.stmcufinder\plugins\mcufinder
2023-08-11 18:37:45,474 [INFO] CrossReferenceDbSqlite:203 - Set database path to: C:\Users\ZoMbiE\.stmcufinder\plugins\mcufinder//mcu/cs/
2023-08-11 18:37:45,488 [INFO] ApplicationProperties:184 - Using Application install path: C:\STM32\STM32CubeIDE\STM32CubeIDE\plugins\com.st.stm32cube.common.mx_6.9.1.202307191849
2023-08-11 18:37:45,489 [INFO] PluginManage:196 - Search for loadable plugins [exclusion list=, ]
2023-08-11 18:37:45,490 [INFO] PluginManage:310 - Check plugin analytics
2023-08-11 18:37:50,563 [INFO] AnalyticsPlugin:253 - Accepted Software Licenses: STM32CubeMX.6.9.0,STM32CubeMX.6.9.1
2023-08-11 18:37:50,563 [INFO] AnalyticsPlugin:255 - Accepted CMSIS Pack Licenses: 
2023-08-11 18:37:50,563 [INFO] AnalyticsPlugin:257 - Accepted Firmware Licenses: FW.G0.1.6.0,FW.H5.1.1.0,FW.MP1.1.6.0,FW.C0.1.1.0,FW.L4.1.18.0,FW.L5.1.5.0,FW.U5.1.3.0,FW.WB.1.17.0,FW.WBA.1.1.0,FW.WL.1.3.0
2023-08-11 18:37:50,566 [INFO] PluginManage:359 - Loaded plugin analytics (category:tool,tabindex:-1)
2023-08-11 18:37:50,566 [INFO] PluginManage:310 - Check plugin cadmodel
2023-08-11 18:37:50,619 [INFO] CADModel:105 - Init CAD model plugin
2023-08-11 18:37:50,620 [INFO] PluginManage:359 - Loaded plugin cadmodel (category:power,tabindex:5)
2023-08-11 18:37:50,620 [INFO] PluginManage:310 - Check plugin clock
2023-08-11 18:37:50,632 [INFO] PluginManage:359 - Loaded plugin clock (category:base,tabindex:2)
2023-08-11 18:37:50,632 [INFO] PluginManage:310 - Check plugin ddr
2023-08-11 18:37:50,633 [INFO] PluginManage:359 - Loaded plugin ddr (category:tool,tabindex:6)
2023-08-11 18:37:50,634 [INFO] PluginManage:310 - Check plugin filemanager
2023-08-11 18:37:50,720 [INFO] PluginManage:359 - Loaded plugin filemanager (category:base,tabindex:10)
2023-08-11 18:37:50,720 [INFO] PluginManage:310 - Check plugin ipmanager
2023-08-11 18:37:50,733 [INFO] PluginManage:359 - Loaded plugin ipmanager (category:base,tabindex:5)
2023-08-11 18:37:50,733 [INFO] PluginManage:310 - Check plugin lpbam
2023-08-11 18:37:50,748 [INFO] PluginManage:359 - Loaded plugin lpbam (category:base,tabindex:0)
2023-08-11 18:37:50,748 [INFO] PluginManage:310 - Check plugin memorymap
2023-08-11 18:37:50,765 [INFO] PluginManage:359 - Loaded plugin memorymap (category:base,tabindex:4)
2023-08-11 18:37:50,766 [INFO] PluginManage:310 - Check plugin pinoutandconfiguration
2023-08-11 18:37:50,779 [INFO] PluginManage:359 - Loaded plugin pinoutandconfiguration (category:base,tabindex:1)
2023-08-11 18:37:50,779 [INFO] PluginManage:310 - Check plugin pinoutconfig
2023-08-11 18:37:50,846 [WARN] SupportedApi:132 - Cannot load RTOS API schema: s4s-elt-must-match.1: The content of 'definitions' must match (annotation?, (simpleType | complexType)?, (unique | key | keyref)*)). A problem was found starting at: attribute.
2023-08-11 18:37:50,939 [INFO] PluginManage:359 - Loaded plugin pinoutconfig (category:base,tabindex:0)
2023-08-11 18:37:50,939 [INFO] PluginManage:310 - Check plugin power
2023-08-11 18:37:50,951 [INFO] PluginManage:359 - Loaded plugin power (category:power,tabindex:4)
2023-08-11 18:37:50,951 [INFO] PluginManage:310 - Check plugin projectmanager
2023-08-11 18:37:50,961 [INFO] PluginManage:359 - Loaded plugin projectmanager (category:projectmanager,tabindex:3)
2023-08-11 18:37:50,962 [INFO] PluginManage:310 - Check plugin thirdparty
2023-08-11 18:37:51,135 [INFO] PluginManage:359 - Loaded plugin thirdparty (category:base,tabindex:-1)
2023-08-11 18:37:51,135 [INFO] PluginManage:310 - Check plugin tools
2023-08-11 18:37:51,135 [WARN] IntegrityCheckThread:84 - waiting for thirdparty lock release [integrity check]
2023-08-11 18:37:51,136 [INFO] IntegrityCheckThread:86 - entering critical section [integrity check]
2023-08-11 18:37:51,136 [INFO] ThirdPartyUpdaterWithRetryManager:70 - Updater plugin not ready yet. [1/15]
2023-08-11 18:37:51,160 [INFO] PluginManage:359 - Loaded plugin tools (category:base,tabindex:7)
2023-08-11 18:37:51,160 [INFO] PluginManage:310 - Check plugin tutovideos
2023-08-11 18:37:51,279 [INFO] PluginManage:359 - Loaded plugin tutovideos (category:base,tabindex:-1)
2023-08-11 18:37:51,279 [INFO] PluginManage:310 - Check plugin updater
2023-08-11 18:37:51,286 [INFO] PluginManage:359 - Loaded plugin updater (category:base,tabindex:12)
2023-08-11 18:37:51,286 [INFO] PluginManage:310 - Check plugin userauth
2023-08-11 18:37:51,289 [INFO] UserAuth:113 - Init User Auth plugin
2023-08-11 18:37:51,289 [INFO] PluginManage:359 - Loaded plugin userauth (category:base,tabindex:14)
2023-08-11 18:37:51,290 [INFO] PluginManage:283 - PluginManage : Loaded plugins [17]
2023-08-11 18:37:51,460 [INFO] PinOutPanel:1499 - setPackage(No Configuration,No Configuration)
2023-08-11 18:37:51,539 [INFO] CADModel:165 - CPN selected for project level
2023-08-11 18:37:51,539 [INFO] CADModel:114 - Register for checkConnection events
2023-08-11 18:37:51,554 [INFO] McuFinderGlobals:63 - Set McuFinder mode to 2 (CubeIDE integrated)
2023-08-11 18:37:51,557 [INFO] IPUIPlugin:80 - create IPUIPlugin
2023-08-11 18:37:51,557 [INFO] PluginManager:220 - loadIPPluginJar : add adc
2023-08-11 18:37:51,583 [INFO] IPUIPlugin:80 - create IPUIPlugin
2023-08-11 18:37:51,583 [INFO] PluginManager:220 - loadIPPluginJar : add aes
2023-08-11 18:37:51,610 [INFO] IPUIPlugin:80 - create IPUIPlugin
2023-08-11 18:37:51,610 [INFO] PluginManager:220 - loadIPPluginJar : add can
2023-08-11 18:37:51,612 [INFO] IPUIPlugin:80 - create IPUIPlugin
2023-08-11 18:37:51,612 [INFO] PluginManager:220 - loadIPPluginJar : add comp
2023-08-11 18:37:51,634 [INFO] IPUIPlugin:80 - create IPUIPlugin
2023-08-11 18:37:51,634 [INFO] PluginManager:220 - loadIPPluginJar : add cryp
2023-08-11 18:37:51,654 [INFO] IPUIPlugin:80 - create IPUIPlugin
2023-08-11 18:37:51,654 [INFO] PluginManager:220 - loadIPPluginJar : add dfsdm
2023-08-11 18:37:51,664 [INFO] IPUIPlugin:80 - create IPUIPlugin
2023-08-11 18:37:51,664 [INFO] PluginManager:220 - loadIPPluginJar : add dma
2023-08-11 18:37:51,693 [INFO] IPUIPlugin:80 - create IPUIPlugin
2023-08-11 18:37:51,693 [INFO] PluginManager:220 - loadIPPluginJar : add dma3
2023-08-11 18:37:51,706 [INFO] IPUIPlugin:80 - create IPUIPlugin
2023-08-11 18:37:51,706 [INFO] PluginManager:220 - loadIPPluginJar : add fatfs
2023-08-11 18:37:51,738 [INFO] IPUIPlugin:80 - create IPUIPlugin
2023-08-11 18:37:51,738 [INFO] PluginManager:220 - loadIPPluginJar : add fmc
2023-08-11 18:37:51,748 [INFO] IPUIPlugin:80 - create IPUIPlugin
2023-08-11 18:37:51,749 [INFO] PluginManager:220 - loadIPPluginJar : add freertos
2023-08-11 18:37:51,762 [INFO] IPUIPlugin:80 - create IPUIPlugin
2023-08-11 18:37:51,763 [INFO] PluginManager:220 - loadIPPluginJar : add genericplugin
2023-08-11 18:37:51,822 [INFO] IPUIPlugin:80 - create IPUIPlugin
2023-08-11 18:37:51,822 [INFO] PluginManager:220 - loadIPPluginJar : add gfxmmu
2023-08-11 18:37:51,913 [INFO] IPUIPlugin:80 - create IPUIPlugin
2023-08-11 18:37:51,914 [INFO] PluginManager:220 - loadIPPluginJar : add gic
2023-08-11 18:37:51,923 [INFO] IPUIPlugin:80 - create IPUIPlugin
2023-08-11 18:37:51,923 [INFO] PluginManager:220 - loadIPPluginJar : add gpio
2023-08-11 18:37:51,985 [INFO] IPUIPlugin:80 - create IPUIPlugin
2023-08-11 18:37:51,985 [INFO] PluginManager:220 - loadIPPluginJar : add gtzc
2023-08-11 18:37:52,007 [INFO] IPUIPlugin:80 - create IPUIPlugin
2023-08-11 18:37:52,007 [INFO] PluginManager:220 - loadIPPluginJar : add hash
2023-08-11 18:37:52,042 [INFO] IPUIPlugin:80 - create IPUIPlugin
2023-08-11 18:37:52,042 [INFO] PluginManager:220 - loadIPPluginJar : add i2c
2023-08-11 18:37:52,068 [INFO] IPUIPlugin:80 - create IPUIPlugin
2023-08-11 18:37:52,068 [INFO] PluginManager:220 - loadIPPluginJar : add i2s
2023-08-11 18:37:52,095 [INFO] IPUIPlugin:80 - create IPUIPlugin
2023-08-11 18:37:52,096 [INFO] PluginManager:220 - loadIPPluginJar : add i3c
2023-08-11 18:37:52,169 [INFO] IPUIPlugin:80 - create IPUIPlugin
2023-08-11 18:37:52,169 [INFO] PluginManager:220 - loadIPPluginJar : add ipddr
2023-08-11 18:37:52,229 [INFO] IPUIPlugin:80 - create IPUIPlugin
2023-08-11 18:37:52,229 [INFO] PluginManager:220 - loadIPPluginJar : add linkedlist
2023-08-11 18:37:52,253 [INFO] IPUIPlugin:80 - create IPUIPlugin
2023-08-11 18:37:52,253 [INFO] PluginManager:220 - loadIPPluginJar : add lorawan
2023-08-11 18:37:52,276 [INFO] IPUIPlugin:80 - create IPUIPlugin
2023-08-11 18:37:52,276 [INFO] PluginManager:220 - loadIPPluginJar : add ltdc
2023-08-11 18:37:52,287 [INFO] IPUIPlugin:80 - create IPUIPlugin
2023-08-11 18:37:52,287 [INFO] PluginManager:220 - loadIPPluginJar : add mdma
2023-08-11 18:37:52,295 [INFO] IPUIPlugin:80 - create IPUIPlugin
2023-08-11 18:37:52,295 [INFO] PluginManager:220 - loadIPPluginJar : add nvic
2023-08-11 18:37:52,319 [INFO] IPUIPlugin:80 - create IPUIPlugin
2023-08-11 18:37:52,319 [INFO] PluginManager:220 - loadIPPluginJar : add opamp
2023-08-11 18:37:52,358 [INFO] IPUIPlugin:80 - create IPUIPlugin
2023-08-11 18:37:52,358 [INFO] PluginManager:220 - loadIPPluginJar : add openamp
2023-08-11 18:37:52,386 [INFO] IPUIPlugin:80 - create IPUIPlugin
2023-08-11 18:37:52,386 [INFO] PluginManager:220 - loadIPPluginJar : add pdm2pcm
2023-08-11 18:37:52,396 [INFO] IPUIPlugin:80 - create IPUIPlugin
2023-08-11 18:37:52,397 [INFO] PluginManager:220 - loadIPPluginJar : add plateformsettings
2023-08-11 18:37:52,412 [INFO] IPUIPlugin:80 - create IPUIPlugin
2023-08-11 18:37:52,412 [INFO] PluginManager:220 - loadIPPluginJar : add quadspi
2023-08-11 18:37:52,421 [INFO] IPUIPlugin:80 - create IPUIPlugin
2023-08-11 18:37:52,421 [INFO] PluginManager:220 - loadIPPluginJar : add resmgrutility
2023-08-11 18:37:52,453 [INFO] IPUIPlugin:80 - create IPUIPlugin
2023-08-11 18:37:52,453 [INFO] PluginManager:220 - loadIPPluginJar : add sai
2023-08-11 18:37:52,477 [INFO] IPUIPlugin:80 - create IPUIPlugin
2023-08-11 18:37:52,477 [INFO] PluginManager:220 - loadIPPluginJar : add spi
2023-08-11 18:37:52,516 [INFO] IPUIPlugin:80 - create IPUIPlugin
2023-08-11 18:37:52,516 [INFO] PluginManager:220 - loadIPPluginJar : add stm32_wpan
2023-08-11 18:37:52,517 [INFO] IPUIPlugin:80 - create IPUIPlugin
2023-08-11 18:37:52,517 [INFO] PluginManager:220 - loadIPPluginJar : add tim
2023-08-11 18:37:52,555 [INFO] IPUIPlugin:80 - create IPUIPlugin
2023-08-11 18:37:52,555 [INFO] PluginManager:220 - loadIPPluginJar : add touchsensing
2023-08-11 18:37:52,557 [INFO] IPUIPlugin:80 - create IPUIPlugin
2023-08-11 18:37:52,557 [INFO] PluginManager:220 - loadIPPluginJar : add tracer_emb
2023-08-11 18:37:52,558 [INFO] IPUIPlugin:80 - create IPUIPlugin
2023-08-11 18:37:52,558 [INFO] PluginManager:220 - loadIPPluginJar : add ts
2023-08-11 18:37:52,573 [INFO] IPUIPlugin:80 - create IPUIPlugin
2023-08-11 18:37:52,573 [INFO] PluginManager:220 - loadIPPluginJar : add tsc
2023-08-11 18:37:52,588 [INFO] IPUIPlugin:80 - create IPUIPlugin
2023-08-11 18:37:52,588 [INFO] PluginManager:220 - loadIPPluginJar : add ucpd
2023-08-11 18:37:52,617 [INFO] IPUIPlugin:80 - create IPUIPlugin
2023-08-11 18:37:52,617 [INFO] PluginManager:220 - loadIPPluginJar : add usart
2023-08-11 18:37:52,646 [INFO] IPUIPlugin:80 - create IPUIPlugin
2023-08-11 18:37:52,646 [INFO] PluginManager:220 - loadIPPluginJar : add usbx
2023-08-11 18:37:52,755 [INFO] CADModel:165 - CPN selected for project level
2023-08-11 18:37:52,755 [INFO] CADModel:114 - Register for checkConnection events
2023-08-11 18:37:52,755 [FATAL] Updater:308 - Updater called before beeing initialized
2023-08-11 18:37:52,755 [ERROR] CADModel:125 - Updater not yet initialized, retry later 
2023-08-11 18:37:52,851 [INFO] CADModel:165 - CPN selected for project level
2023-08-11 18:37:52,851 [INFO] CADModel:114 - Register for checkConnection events
2023-08-11 18:37:52,851 [FATAL] Updater:308 - Updater called before beeing initialized
2023-08-11 18:37:52,851 [ERROR] CADModel:125 - Updater not yet initialized, retry later 
2023-08-11 18:37:52,854 [FATAL] Updater:308 - Updater called before beeing initialized
2023-08-11 18:37:52,925 [FATAL] Updater:308 - Updater called before beeing initialized
2023-08-11 18:37:52,929 [INFO] DbMcusAds:53 - JSON generation date=Tue Mar 07 09:50:55 CET 2023 (1678179055114)
2023-08-11 18:37:52,930 [FATAL] Updater:308 - Updater called before beeing initialized
2023-08-11 18:37:52,985 [WARN] DetailPanel:346 - Failed to get advertising image, set to default
2023-08-11 18:37:53,067 [FATAL] Updater:308 - Updater called before beeing initialized
2023-08-11 18:37:53,068 [FATAL] Updater:308 - Updater called before beeing initialized
2023-08-11 18:37:53,068 [FATAL] Updater:308 - Updater called before beeing initialized
2023-08-11 18:37:53,068 [WARN] DetailPanel:346 - Failed to get advertising image, set to default
2023-08-11 18:37:53,069 [FATAL] Updater:308 - Updater called before beeing initialized
2023-08-11 18:37:53,112 [ERROR] Updater:1120 - MainUpdater not yet initialized. External WinMGr cannot be set.
2023-08-11 18:37:53,118 [INFO] Updater:1056 - Updater Version found : 6.9.1
2023-08-11 18:37:53,131 [INFO] ApplicationProperties:184 - Using Application install path: C:\STM32\STM32CubeIDE\STM32CubeIDE\plugins\com.st.stm32cube.common.mx_6.9.1.202307191849
2023-08-11 18:37:53,539 [INFO] MainUpdater:2868 - connection check result : 10
2023-08-11 18:37:53,539 [INFO] MainUpdater:285 - Updater Check For Update Now.
2023-08-11 18:37:53,539 [INFO] MicroXplorer:498 - Change Database Version : DB.6.0.91
2023-08-11 18:37:53,549 [INFO] McuFinderGlobals:63 - Set McuFinder mode to 2 (CubeIDE integrated)
2023-08-11 18:37:53,703 [INFO] CheckServerUpdateThread:120 - End of CheckServer Thread
2023-08-11 18:37:53,768 [INFO] MainUpdater:2868 - connection check result : 10
2023-08-11 18:37:54,238 [INFO] ApiDb:581 - Connected to CubeFinder SQLite database (C:\Users\ZoMbiE\.stmcufinder\plugins\mcufinder\mcu\cube-finder-db.db)
2023-08-11 18:37:54,241 [WARN] PackLoader:240 - Cannot read IP mode file for STMicroelectronics.X-CUBE-SMBUS.2.1.0
2023-08-11 18:37:54,270 [WARN] PackLoader:240 - Cannot read IP mode file for STMicroelectronics.X-CUBE-AZRTOS-F7.1.1.0
2023-08-11 18:37:54,279 [WARN] PackLoader:240 - Cannot read IP mode file for STMicroelectronics.FP-SNS-MOTENV1.4.3.2
2023-08-11 18:37:54,287 [INFO] ApiDb:668 - CubeFinder database Data Model version=2.1
2023-08-11 18:37:54,288 [INFO] ApiDb:669 - CubeFinder database Configuration version=3.0.37
2023-08-11 18:37:54,288 [INFO] ApiDb:670 - CubeFinder database generation date=2023-07-31 (1690792719)
2023-08-11 18:37:54,288 [INFO] ApiDb:671 - CubeFinder database FW Pack versions=[FP-ATR-ASTRA1_V2.0.0, FP-SNS-FLIGHT1_V5.0.1, FP-SNS-FLIGHT1_V5.0.2, FP-SNS-MOTENV1_V4.3.1, FP-SNS-MOTENV1_V4.3.2, STM32Cube_FW_C0_V1.1.0, STM32Cube_FW_F4_V1.27.1, STM32Cube_FW_F7_V1.17.0, STM32Cube_FW_G0_V1.6.1, STM32Cube_FW_G4_V1.5.1, STM32Cube_FW_H5_V0.5.1, STM32Cube_FW_H5_V1.1.0, STM32Cube_FW_H7_V1.11.0, STM32Cube_FW_L0_V1.12.2, STM32Cube_FW_L5_V1.5.0, STM32Cube_FW_U5_V1.3.0, STM32Cube_FW_U5_V1.3.0RC4, STM32Cube_FW_WBA_V1.0.0RC1, STM32Cube_FW_WBA_V1.1.0, STM32Cube_FW_WBA_V1.1.0RC1, STM32Cube_FW_WB_V1.15.0RC1, STM32Cube_FW_WB_V1.16.0, STM32Cube_FW_WB_V1.16.0RC2, STM32Cube_FW_WB_V1.17.0, STM32Cube_FW_WL_V1.3.0, X-CUBE-ALGOBUILD_V1.3.0, X-CUBE-ALS_V1.0.1, X-CUBE-AZRTOS-F4_V1.1.0, X-CUBE-AZRTOS-F7_V1.1.0, X-CUBE-AZRTOS-G0_V1.1.0, X-CUBE-AZRTOS-G4_V2.0.0, X-CUBE-AZRTOS-H7_V3.1.0, X-CUBE-AZRTOS-L4_V1.0.0, X-CUBE-AZRTOS-L4_V2.0.0, X-CUBE-AZRTOS-L5_V1.1.0, X-CUBE-AZRTOS-WB_V1.1.0, X-CUBE-AZRTOS-WL_V2.0.0, X-CUBE-BLE1_V6.2.4, X-CUBE-BLE2_V3.3.0, X-CUBE-BLEMGR_V2.0.0, X-CUBE-EEPRMA1_V4.1.0, X-CUBE-FREERTOS_V1.0.1, X-CUBE-GNSS1_V6.0.0, X-CUBE-MEMS1_V9.1.0, X-CUBE-MEMS1_V9.4.0, X-CUBE-MEMS1_V9.6.0, X-CUBE-NFC4_V3.0.0, X-CUBE-NFC7_V1.0.0, X-CUBE-SFXS2LP1_V4.0.0, X-CUBE-SUBG2_V5.0.0]
2023-08-11 18:37:54,290 [WARN] PackLoader:240 - Cannot read IP mode file for STMicroelectronics.X-CUBE-BLE1.6.2.4
2023-08-11 18:37:54,294 [WARN] PackLoader:240 - Cannot read IP mode file for STMicroelectronics.FP-SNS-FLIGHT1.5.0.2
2023-08-11 18:37:54,303 [WARN] PackLoader:240 - Cannot read IP mode file for STMicroelectronics.X-CUBE-DISPLAY.3.0.0
2023-08-11 18:37:54,346 [INFO] DbBoardsSqlite:226 - include board P-NUCLEO-WB55-NUCLEO as a kit item of type 'Nucleo-64'
2023-08-11 18:37:54,346 [INFO] DbBoardsSqlite:226 - include board P-NUCLEO-WB55-USBDONGLE as a kit item of type 'Nucleo USB Dongle'
2023-08-11 18:37:54,347 [INFO] DbBoardsSqlite:226 - include board STEVAL-IDP005V1 as a kit item of type 'Evaluation Board'
2023-08-11 18:37:54,347 [INFO] DbBoardsSqlite:226 - include board STEVAL-IDP005V2 as a kit item of type 'Evaluation Board'
2023-08-11 18:37:54,382 [INFO] ApiDb:240 - Found 323 in-development CPN: [B-G473E-ZEST1S, B-WB1M-WPAN1, B-WL5M-SUBG1, NUCLEO-C031C6, NUCLEO-H503RB, NUCLEO-H563ZI, NUCLEO-U545RE-Q, NUCLEO-U5A5ZJ-Q, NUCLEO-WBA52CG, STEVAL-PROTEUS1, STEVAL-SMARTAG2, STEVAL-STWINBX1, STM320518-EVAL, STM32C0116-DK, STM32C011D6Y3TR, STM32C011D6Y6TR, STM32C011F4P3, STM32C011F4P6, STM32C011F4U3, STM32C011F4U6TR, STM32C011F6P3, STM32C011F6P6, STM32C011F6U3, STM32C011F6U6TR, STM32C011J4M3, STM32C011J4M6, STM32C011J6M3, STM32C011J6M6, STM32C0316-DK, STM32C031C4T3, STM32C031C4T6, STM32C031C4U3, STM32C031C4U6, STM32C031C6T3, STM32C031C6T6, STM32C031C6U3, STM32C031C6U6, STM32C031F4P3, STM32C031F4P6, STM32C031F6P3, STM32C031F6P6, STM32C031G4U3, STM32C031G4U6, STM32C031G6U3, STM32C031G6U6, STM32C031K4T3, STM32C031K4T6, STM32C031K4U3, STM32C031K4U6, STM32C031K6T3, STM32C031K6T6, STM32C031K6U3, STM32C031K6U6, STM32G071K8TXN, STM32G071K8UXN, STM32G081GBU6N, STM32G081KBT6N, STM32G081KBUXN, STM32G0B1CCT6N, STM32G0B1KCT6, STM32G0B1NEY6TR, STM32G0B1RCT6N, STM32G0C1CCT6, STM32G0C1CCT6N, STM32G0C1CCU6N, STM32G0C1CET6N, STM32G0C1CEU6N, STM32G0C1KCT6, STM32G0C1NEY6TR, STM32G0C1RCI6N, STM32G0C1RCT6N, STM32G0C1REI6N, STM32G0C1RET6N, STM32G0C1VCI6, STM32G0C1VEI6, STM32G471CCT6, STM32G471CCU6, STM32G471CET3, STM32G471CET6, STM32G471CEU3, STM32G471CEU6, STM32G471MCT6, STM32G471MET3, STM32G471MET6, STM32G471MEY6TR, STM32G471QCT6, STM32G471QET3, STM32G471RCT6, STM32G471RET3, STM32G471RET6, STM32G471VCH6, STM32G471VCI6, STM32G471VCT6, STM32G471VEH3, STM32G471VEH6, STM32G471VEI3, STM32G471VEI6, STM32G471VET3, STM32G471VET6, STM32G474CCT6, STM32H503CBT6, STM32H503CBU6, STM32H503EBY6TR, STM32H503KBU6, STM32H503RBT6, STM32H562AGI6, STM32H562AII6, STM32H562IGK6, STM32H562IGT6, STM32H562IIK6, STM32H562IIT6, STM32H562RGT6, STM32H562RGV6, STM32H562RIT6, STM32H562RIV6, STM32H562VGT6, STM32H562VIT6, STM32H562ZGT6, STM32H562ZIT6, STM32H563AGI6, STM32H563AII3Q, STM32H563AII6, STM32H563IGK6, STM32H563IGT6, STM32H563IIK3Q, STM32H563IIK6, STM32H563IIT3Q, STM32H563IIT6, STM32H563MIY3QTR, STM32H563RGT6, STM32H563RGV6, STM32H563RIT6, STM32H563RIV6, STM32H563VGT6, STM32H563VIT3Q, STM32H563VIT6, STM32H563ZGT6, STM32H563ZIT3Q, STM32H563ZIT6, STM32H573AII3Q, STM32H573AII6, STM32H573I-DK, STM32H573IIK3Q, STM32H573IIK6, STM32H573IIT3Q, STM32H573IIT6, STM32H573MIY3QTR, STM32H573RIT6, STM32H573RIV6, STM32H573VIT3Q, STM32H573VIT6, STM32H573ZIT3Q, STM32H573ZIT6, STM32L4R5QGI6STR, STM32MP131AAE3, STM32MP131AAF3, STM32MP131AAG3, STM32MP131CAE3, STM32MP131CAF3, STM32MP131CAG3, STM32MP131DAE7, STM32MP131DAF7, STM32MP131DAG7, STM32MP131FAE7, STM32MP131FAF7, STM32MP131FAG7, STM32MP133AAE3, STM32MP133AAF3, STM32MP133AAG3, STM32MP133CAE3, STM32MP133CAF3, STM32MP133CAG3, STM32MP133DAE7, STM32MP133DAF7, STM32MP133DAG7, STM32MP133FAE7, STM32MP133FAF7, STM32MP133FAG7, STM32MP135AAE3, STM32MP135AAF3, STM32MP135AAG3, STM32MP135CAE3, STM32MP135CAF3, STM32MP135CAG3, STM32MP135DAE7, STM32MP135DAF7, STM32MP135DAG7, STM32MP135F-DK, STM32MP135FAE7, STM32MP135FAF7, STM32MP135FAF7T, STM32MP135FAF7U, STM32MP135FAG7, STM32U535CBT6, STM32U535CBT6Q, STM32U535CBU6, STM32U535CBU6Q, STM32U535CCT6, STM32U535CCT6Q, STM32U535CCU6, STM32U535CCU6Q, STM32U535CET6, STM32U535CET6Q, STM32U535CEU6, STM32U535CEU6Q, STM32U535JEY6QTR, STM32U535NCY6QTR, STM32U535NEY6QTR, STM32U535RBI6, STM32U535RBI6Q, STM32U535RBT6, STM32U535RBT6Q, STM32U535RCI6, STM32U535RCI6Q, STM32U535RCT6, STM32U535RCT6Q, STM32U535REI6, STM32U535REI6Q, STM32U535RET6, STM32U535RET6Q, STM32U535VCI6, STM32U535VCI6Q, STM32U535VCT6, STM32U535VCT6Q, STM32U535VEI6, STM32U535VEI6Q, STM32U535VET6, STM32U535VET6Q, STM32U545CET6, STM32U545CET6Q, STM32U545CEU6, STM32U545CEU6Q, STM32U545JEY6QTR, STM32U545NEY6QTR, STM32U545REI6, STM32U545REI6Q, STM32U545RET6, STM32U545RET6Q, STM32U545VEI6, STM32U545VEI6Q, STM32U545VET6, STM32U545VET6Q, STM32U595AIH6, STM32U595AIH6Q, STM32U595AJH6, STM32U595AJH6Q, STM32U595QII6, STM32U595QII6Q, STM32U595QJI6, STM32U595QJI6Q, STM32U595RIT6, STM32U595RIT6Q, STM32U595RJT6, STM32U595RJT6Q, STM32U595VIT6, STM32U595VIT6Q, STM32U595VJT6, STM32U595VJT6Q, STM32U595ZIT6, STM32U595ZIT6Q, STM32U595ZIY6QTR, STM32U595ZJT6, STM32U595ZJT6Q, STM32U595ZJY6QTR, STM32U599BJY6QTR, STM32U599NIH6Q, STM32U599NJH6Q, STM32U599VIT6Q, STM32U599VJT6, STM32U599VJT6Q, STM32U599ZIT6Q, STM32U599ZIY6QTR, STM32U599ZJT6Q, STM32U599ZJY6QTR, STM32U5A5AJH6, STM32U5A5AJH6Q, STM32U5A5QJI6, STM32U5A5QJI6Q, STM32U5A5RJT6, STM32U5A5RJT6Q, STM32U5A5VJT6, STM32U5A5VJT6Q, STM32U5A5ZJT6, STM32U5A5ZJT6Q, STM32U5A5ZJY6QTR, STM32U5A9BJY6QTR, STM32U5A9J-DK, STM32U5A9NJH6Q, STM32U5A9VJT6Q, STM32U5A9ZJT6Q, STM32U5A9ZJY6QTR, STM32U5F7VIT6, STM32U5F7VIT6Q, STM32U5F7VJT6, STM32U5F7VJT6Q, STM32U5F9BJY6QTR, STM32U5F9NJH6Q, STM32U5F9VIT6Q, STM32U5F9VJT6Q, STM32U5F9ZIJ6QTR, STM32U5F9ZIT6Q, STM32U5F9ZJJ6QTR, STM32U5F9ZJT6Q, STM32U5G7VJT6, STM32U5G7VJT6Q, STM32U5G9BJY6QTR, STM32U5G9J-DK1, STM32U5G9J-DK2, STM32U5G9NJH6Q, STM32U5G9VJT6Q, STM32U5G9ZJJ6QTR, STM32U5G9ZJT6Q, STM32WB1MMCH6, STM32WBA52CEU6, STM32WBA52CEU6T, STM32WBA52CGU6, STM32WBA52CGU6T, STM32WBA52KEU6, STM32WBA52KEU6T, STM32WBA52KGU6, STM32WBA52KGU6T, STM32WL5MOCH6, STM32WL5MOCH6TR]
2023-08-11 18:37:54,391 [WARN] PackLoader:240 - Cannot read IP mode file for emotas.I-CUBE-CANOPEN.1.3.0
2023-08-11 18:37:54,395 [WARN] PackLoader:240 - Cannot read IP mode file for STMicroelectronics.X-CUBE-TOUCHGFX.4.22.0
2023-08-11 18:37:54,436 [WARN] PackLoader:240 - Cannot read IP mode file for STMicroelectronics.X-CUBE-MEMS1.9.3.0
2023-08-11 18:37:54,496 [INFO] BoardInfo:880 - No configuration file found for board P-NUCLEO-WB55
2023-08-11 18:37:54,496 [INFO] DbBoards:157 - Kit is not supported: P-NUCLEO-WB55
2023-08-11 18:37:54,500 [INFO] BoardInfo:880 - No configuration file found for board STEVAL-BFA001V1B
2023-08-11 18:37:54,500 [INFO] DbBoards:157 - Kit is not supported: STEVAL-BFA001V1B
2023-08-11 18:37:54,501 [INFO] BoardInfo:880 - No configuration file found for board STEVAL-BFA001V2B
2023-08-11 18:37:54,501 [INFO] DbBoards:157 - Kit is not supported: STEVAL-BFA001V2B
2023-08-11 18:37:54,631 [INFO] LogOutputStream:77 - [STDOUT_REDIRECT] 1 : Invalid condition id : UX_CORESTACK_Condition cause : null
2023-08-11 18:37:54,632 [INFO] DbBoards:161 - Found 190 boards, 187 are supported
2023-08-11 18:37:54,633 [INFO] LogOutputStream:77 - [STDOUT_REDIRECT] 1 : Invalid condition id : UX_CORESTACK_Condition cause : null
2023-08-11 18:37:54,634 [INFO] LogOutputStream:77 - [STDOUT_REDIRECT] 1 : Invalid condition id : UX_CORESTACK_Condition cause : null
2023-08-11 18:37:54,635 [INFO] LogOutputStream:77 - [STDOUT_REDIRECT] 1 : Invalid condition id : UX_CORESTACK_Condition cause : null
2023-08-11 18:37:54,636 [INFO] LogOutputStream:77 - [STDOUT_REDIRECT] 1 : Invalid condition id : UX_CORESTACK_Condition cause : null
2023-08-11 18:37:54,636 [INFO] ApiDb:668 - CubeFinder database Data Model version=2.1
2023-08-11 18:37:54,636 [INFO] ApiDb:669 - CubeFinder database Configuration version=3.0.37
2023-08-11 18:37:54,636 [INFO] ApiDb:670 - CubeFinder database generation date=2023-07-31 (1690792719)
2023-08-11 18:37:54,636 [INFO] ApiDb:671 - CubeFinder database FW Pack versions=[FP-ATR-ASTRA1_V2.0.0, FP-SNS-FLIGHT1_V5.0.1, FP-SNS-FLIGHT1_V5.0.2, FP-SNS-MOTENV1_V4.3.1, FP-SNS-MOTENV1_V4.3.2, STM32Cube_FW_C0_V1.1.0, STM32Cube_FW_F4_V1.27.1, STM32Cube_FW_F7_V1.17.0, STM32Cube_FW_G0_V1.6.1, STM32Cube_FW_G4_V1.5.1, STM32Cube_FW_H5_V0.5.1, STM32Cube_FW_H5_V1.1.0, STM32Cube_FW_H7_V1.11.0, STM32Cube_FW_L0_V1.12.2, STM32Cube_FW_L5_V1.5.0, STM32Cube_FW_U5_V1.3.0, STM32Cube_FW_U5_V1.3.0RC4, STM32Cube_FW_WBA_V1.0.0RC1, STM32Cube_FW_WBA_V1.1.0, STM32Cube_FW_WBA_V1.1.0RC1, STM32Cube_FW_WB_V1.15.0RC1, STM32Cube_FW_WB_V1.16.0, STM32Cube_FW_WB_V1.16.0RC2, STM32Cube_FW_WB_V1.17.0, STM32Cube_FW_WL_V1.3.0, X-CUBE-ALGOBUILD_V1.3.0, X-CUBE-ALS_V1.0.1, X-CUBE-AZRTOS-F4_V1.1.0, X-CUBE-AZRTOS-F7_V1.1.0, X-CUBE-AZRTOS-G0_V1.1.0, X-CUBE-AZRTOS-G4_V2.0.0, X-CUBE-AZRTOS-H7_V3.1.0, X-CUBE-AZRTOS-L4_V1.0.0, X-CUBE-AZRTOS-L4_V2.0.0, X-CUBE-AZRTOS-L5_V1.1.0, X-CUBE-AZRTOS-WB_V1.1.0, X-CUBE-AZRTOS-WL_V2.0.0, X-CUBE-BLE1_V6.2.4, X-CUBE-BLE2_V3.3.0, X-CUBE-BLEMGR_V2.0.0, X-CUBE-EEPRMA1_V4.1.0, X-CUBE-FREERTOS_V1.0.1, X-CUBE-GNSS1_V6.0.0, X-CUBE-MEMS1_V9.1.0, X-CUBE-MEMS1_V9.4.0, X-CUBE-MEMS1_V9.6.0, X-CUBE-NFC4_V3.0.0, X-CUBE-NFC7_V1.0.0, X-CUBE-SFXS2LP1_V4.0.0, X-CUBE-SUBG2_V5.0.0]
2023-08-11 18:37:54,639 [WARN] PackLoader:240 - Cannot read IP mode file for STMicroelectronics.X-CUBE-AZRTOS-WL.2.0.0
2023-08-11 18:37:54,646 [WARN] PackLoader:240 - Cannot read IP mode file for WES.I-CUBE-Cesium.1.3.0
2023-08-11 18:37:54,651 [WARN] PackLoader:240 - Cannot read IP mode file for STMicroelectronics.X-CUBE-BLE2.3.3.0
2023-08-11 18:37:54,658 [WARN] PackLoader:240 - Cannot read IP mode file for STMicroelectronics.X-CUBE-DISPLAY.2.2.0
2023-08-11 18:37:54,743 [WARN] PackLoader:240 - Cannot read IP mode file for STMicroelectronics.X-CUBE-MEMS1.9.4.0
2023-08-11 18:37:54,901 [WARN] PackLoader:240 - Cannot read IP mode file for STMicroelectronics.X-CUBE-ALGOBUILD.1.3.0
2023-08-11 18:37:54,911 [WARN] PackLoader:240 - Cannot read IP mode file for STMicroelectronics.X-CUBE-AZRTOS-G0.1.1.0
2023-08-11 18:37:54,915 [WARN] PackLoader:240 - Cannot read IP mode file for STMicroelectronics.X-CUBE-NFC4.3.0.0
2023-08-11 18:37:54,917 [WARN] PackLoader:240 - Cannot read IP mode file for STMicroelectronics.FP-ATR-SIGFOX1.3.2.0
2023-08-11 18:37:54,942 [WARN] PackLoader:240 - Cannot read IP mode file for STMicroelectronics.X-CUBE-MEMS1.9.5.0
2023-08-11 18:37:55,082 [WARN] PackLoader:240 - Cannot read IP mode file for SEGGER.I-CUBE-embOS.1.3.1
2023-08-11 18:37:55,112 [WARN] PackLoader:240 - Cannot read IP mode file for STMicroelectronics.X-CUBE-GNSS1.6.0.0
2023-08-11 18:37:55,123 [WARN] PackLoader:240 - Cannot read IP mode file for STMicroelectronics.X-CUBE-AZRTOS-F4.1.1.0
2023-08-11 18:37:55,127 [WARN] PackLoader:240 - Cannot read IP mode file for wolfSSL.I-CUBE-wolfSSL.5.6.3
2023-08-11 18:37:55,136 [WARN] PackLoader:240 - Cannot read IP mode file for STMicroelectronics.X-CUBE-AZRTOS-L5.2.0.0
2023-08-11 18:37:55,164 [WARN] PackLoader:240 - Cannot read IP mode file for STMicroelectronics.X-CUBE-MEMS1.9.6.0
2023-08-11 18:37:55,299 [WARN] PackLoader:240 - Cannot read IP mode file for STMicroelectronics.X-CUBE-BLEMGR.2.0.0
2023-08-11 18:37:55,310 [WARN] ConditionMgr:438 - getConditionDescription Invalid condition id : UX DEVICE CLASS RTOS Condition cause : null
2023-08-11 18:37:55,310 [WARN] ConditionMgr:438 - getConditionDescription Invalid condition id : UX DEVICE CLASS RTOS Condition cause : null
2023-08-11 18:37:55,312 [WARN] PackLoader:240 - Cannot read IP mode file for STMicroelectronics.X-CUBE-AZRTOS-H7.3.1.0
2023-08-11 18:37:55,313 [WARN] ConditionMgr:1039 - genDependencies : Invalid condition id : UX DEVICE CLASS RTOS Condition cause : null
2023-08-11 18:37:55,313 [WARN] ConditionMgr:1039 - genDependencies : Invalid condition id : UX DEVICE CLASS RTOS Condition cause : null
2023-08-11 18:37:55,313 [WARN] ConditionMgr:1039 - genDependencies : Invalid condition id : UX DEVICE CLASS RTOS Condition cause : null
2023-08-11 18:37:55,314 [WARN] ConditionMgr:1039 - genDependencies : Invalid condition id : UX DEVICE CLASS RTOS Condition cause : null
2023-08-11 18:37:55,314 [WARN] ConditionMgr:1039 - genDependencies : Invalid condition id : UX DEVICE CLASS RTOS Condition cause : null
2023-08-11 18:37:55,317 [WARN] PackLoader:240 - Cannot read IP mode file for STMicroelectronics.X-CUBE-NFC7.1.0.1
2023-08-11 18:37:55,321 [WARN] PackLoader:240 - Cannot read IP mode file for STMicroelectronics.X-CUBE-EEPRMA1.4.1.0
2023-08-11 18:37:55,323 [WARN] PackLoader:240 - Cannot read IP mode file for STMicroelectronics.X-CUBE-AI.8.1.0
2023-08-11 18:37:55,334 [WARN] ConditionMgr:438 - getConditionDescription Invalid condition id : LAN8742 Phy interface Condition cause : null
2023-08-11 18:37:55,334 [WARN] PackLoader:240 - Cannot read IP mode file for STMicroelectronics.X-CUBE-AZRTOS-L4.2.0.0
2023-08-11 18:37:55,335 [WARN] ConditionMgr:1039 - genDependencies : Invalid condition id : LAN8742 Phy interface Condition cause : null
2023-08-11 18:37:55,335 [WARN] ConditionMgr:1039 - genDependencies : Invalid condition id : LAN8742 Phy interface Condition cause : null
2023-08-11 18:37:55,335 [WARN] ConditionMgr:1039 - genDependencies : Invalid condition id : LAN8742 Phy interface Condition cause : null
2023-08-11 18:37:55,340 [WARN] PackLoader:240 - Cannot read IP mode file for STMicroelectronics.X-CUBE-SFXS2LP1.4.0.0
2023-08-11 18:37:55,342 [WARN] PackLoader:240 - Cannot read IP mode file for STMicroelectronics.X-CUBE-ISPU.1.1.0
2023-08-11 18:37:55,349 [WARN] ConditionMgr:438 - getConditionDescription Invalid condition id : UX DEVICE CLASS RTOS Condition cause : null
2023-08-11 18:37:55,349 [WARN] ConditionMgr:438 - getConditionDescription Invalid condition id : UX DEVICE CLASS RTOS Condition cause : null
2023-08-11 18:37:55,350 [WARN] PackLoader:240 - Cannot read IP mode file for STMicroelectronics.X-CUBE-AZRTOS-WB.2.0.0
2023-08-11 18:37:55,351 [WARN] ConditionMgr:1039 - genDependencies : Invalid condition id : UX DEVICE CLASS RTOS Condition cause : null
2023-08-11 18:37:55,351 [WARN] ConditionMgr:1039 - genDependencies : Invalid condition id : UX DEVICE CLASS RTOS Condition cause : null
2023-08-11 18:37:55,351 [WARN] ConditionMgr:1039 - genDependencies : Invalid condition id : UX DEVICE CLASS RTOS Condition cause : null
2023-08-11 18:37:55,351 [WARN] ConditionMgr:1039 - genDependencies : Invalid condition id : UX DEVICE CLASS RTOS Condition cause : null
2023-08-11 18:37:55,351 [WARN] ConditionMgr:1039 - genDependencies : Invalid condition id : UX DEVICE CLASS RTOS Condition cause : null
2023-08-11 18:37:55,355 [WARN] PackLoader:240 - Cannot read IP mode file for STMicroelectronics.X-CUBE-FREERTOS.1.0.1
2023-08-11 18:37:55,367 [WARN] PackLoader:240 - Cannot read IP mode file for STMicroelectronics.X-CUBE-AZRTOS-L5.1.1.0
2023-08-11 18:37:55,370 [WARN] PackLoader:240 - Cannot read IP mode file for STMicroelectronics.X-CUBE-AI.8.0.1
2023-08-11 18:37:55,376 [WARN] PackLoader:240 - Cannot read IP mode file for STMicroelectronics.X-CUBE-SUBG2.5.0.0
2023-08-11 18:37:55,384 [WARN] PackLoader:240 - Cannot read IP mode file for STMicroelectronics.X-CUBE-TOF1.3.3.1
2023-08-11 18:37:55,396 [WARN] PackLoader:240 - Cannot read IP mode file for STMicroelectronics.X-CUBE-AZRTOS-G4.2.0.0
2023-08-11 18:37:55,400 [WARN] PackLoader:240 - Cannot read IP mode file for portGmbH.I-Cube-SoM-uGOAL.1.1.0
2023-08-11 18:37:55,403 [WARN] PackLoader:240 - Cannot read IP mode file for STMicroelectronics.X-CUBE-ALS.1.0.1
2023-08-11 18:37:55,413 [WARN] PackLoader:240 - Cannot read IP mode file for STMicroelectronics.X-CUBE-AZRTOS-WB.1.1.0
2023-08-11 18:37:55,417 [WARN] PackLoader:240 - Cannot read IP mode file for STMicroelectronics.FP-ATR-ASTRA1.2.0.0
2023-08-11 18:37:55,417 [INFO] ThirdParty:978 - Integrity check success = true
2023-08-11 18:37:55,417 [INFO] IntegrityCheckThread:100 - exiting critical section [integrity check]
2023-08-11 18:37:55,417 [INFO] IntegrityCheckThread:103 - End integrity checks thread
2023-08-11 18:37:56,282 [INFO] ApiDb:240 - Found 323 in-development CPN: [B-G473E-ZEST1S, B-WB1M-WPAN1, B-WL5M-SUBG1, NUCLEO-C031C6, NUCLEO-H503RB, NUCLEO-H563ZI, NUCLEO-U545RE-Q, NUCLEO-U5A5ZJ-Q, NUCLEO-WBA52CG, STEVAL-PROTEUS1, STEVAL-SMARTAG2, STEVAL-STWINBX1, STM320518-EVAL, STM32C0116-DK, STM32C011D6Y3TR, STM32C011D6Y6TR, STM32C011F4P3, STM32C011F4P6, STM32C011F4U3, STM32C011F4U6TR, STM32C011F6P3, STM32C011F6P6, STM32C011F6U3, STM32C011F6U6TR, STM32C011J4M3, STM32C011J4M6, STM32C011J6M3, STM32C011J6M6, STM32C0316-DK, STM32C031C4T3, STM32C031C4T6, STM32C031C4U3, STM32C031C4U6, STM32C031C6T3, STM32C031C6T6, STM32C031C6U3, STM32C031C6U6, STM32C031F4P3, STM32C031F4P6, STM32C031F6P3, STM32C031F6P6, STM32C031G4U3, STM32C031G4U6, STM32C031G6U3, STM32C031G6U6, STM32C031K4T3, STM32C031K4T6, STM32C031K4U3, STM32C031K4U6, STM32C031K6T3, STM32C031K6T6, STM32C031K6U3, STM32C031K6U6, STM32G071K8TXN, STM32G071K8UXN, STM32G081GBU6N, STM32G081KBT6N, STM32G081KBUXN, STM32G0B1CCT6N, STM32G0B1KCT6, STM32G0B1NEY6TR, STM32G0B1RCT6N, STM32G0C1CCT6, STM32G0C1CCT6N, STM32G0C1CCU6N, STM32G0C1CET6N, STM32G0C1CEU6N, STM32G0C1KCT6, STM32G0C1NEY6TR, STM32G0C1RCI6N, STM32G0C1RCT6N, STM32G0C1REI6N, STM32G0C1RET6N, STM32G0C1VCI6, STM32G0C1VEI6, STM32G471CCT6, STM32G471CCU6, STM32G471CET3, STM32G471CET6, STM32G471CEU3, STM32G471CEU6, STM32G471MCT6, STM32G471MET3, STM32G471MET6, STM32G471MEY6TR, STM32G471QCT6, STM32G471QET3, STM32G471RCT6, STM32G471RET3, STM32G471RET6, STM32G471VCH6, STM32G471VCI6, STM32G471VCT6, STM32G471VEH3, STM32G471VEH6, STM32G471VEI3, STM32G471VEI6, STM32G471VET3, STM32G471VET6, STM32G474CCT6, STM32H503CBT6, STM32H503CBU6, STM32H503EBY6TR, STM32H503KBU6, STM32H503RBT6, STM32H562AGI6, STM32H562AII6, STM32H562IGK6, STM32H562IGT6, STM32H562IIK6, STM32H562IIT6, STM32H562RGT6, STM32H562RGV6, STM32H562RIT6, STM32H562RIV6, STM32H562VGT6, STM32H562VIT6, STM32H562ZGT6, STM32H562ZIT6, STM32H563AGI6, STM32H563AII3Q, STM32H563AII6, STM32H563IGK6, STM32H563IGT6, STM32H563IIK3Q, STM32H563IIK6, STM32H563IIT3Q, STM32H563IIT6, STM32H563MIY3QTR, STM32H563RGT6, STM32H563RGV6, STM32H563RIT6, STM32H563RIV6, STM32H563VGT6, STM32H563VIT3Q, STM32H563VIT6, STM32H563ZGT6, STM32H563ZIT3Q, STM32H563ZIT6, STM32H573AII3Q, STM32H573AII6, STM32H573I-DK, STM32H573IIK3Q, STM32H573IIK6, STM32H573IIT3Q, STM32H573IIT6, STM32H573MIY3QTR, STM32H573RIT6, STM32H573RIV6, STM32H573VIT3Q, STM32H573VIT6, STM32H573ZIT3Q, STM32H573ZIT6, STM32L4R5QGI6STR, STM32MP131AAE3, STM32MP131AAF3, STM32MP131AAG3, STM32MP131CAE3, STM32MP131CAF3, STM32MP131CAG3, STM32MP131DAE7, STM32MP131DAF7, STM32MP131DAG7, STM32MP131FAE7, STM32MP131FAF7, STM32MP131FAG7, STM32MP133AAE3, STM32MP133AAF3, STM32MP133AAG3, STM32MP133CAE3, STM32MP133CAF3, STM32MP133CAG3, STM32MP133DAE7, STM32MP133DAF7, STM32MP133DAG7, STM32MP133FAE7, STM32MP133FAF7, STM32MP133FAG7, STM32MP135AAE3, STM32MP135AAF3, STM32MP135AAG3, STM32MP135CAE3, STM32MP135CAF3, STM32MP135CAG3, STM32MP135DAE7, STM32MP135DAF7, STM32MP135DAG7, STM32MP135F-DK, STM32MP135FAE7, STM32MP135FAF7, STM32MP135FAF7T, STM32MP135FAF7U, STM32MP135FAG7, STM32U535CBT6, STM32U535CBT6Q, STM32U535CBU6, STM32U535CBU6Q, STM32U535CCT6, STM32U535CCT6Q, STM32U535CCU6, STM32U535CCU6Q, STM32U535CET6, STM32U535CET6Q, STM32U535CEU6, STM32U535CEU6Q, STM32U535JEY6QTR, STM32U535NCY6QTR, STM32U535NEY6QTR, STM32U535RBI6, STM32U535RBI6Q, STM32U535RBT6, STM32U535RBT6Q, STM32U535RCI6, STM32U535RCI6Q, STM32U535RCT6, STM32U535RCT6Q, STM32U535REI6, STM32U535REI6Q, STM32U535RET6, STM32U535RET6Q, STM32U535VCI6, STM32U535VCI6Q, STM32U535VCT6, STM32U535VCT6Q, STM32U535VEI6, STM32U535VEI6Q, STM32U535VET6, STM32U535VET6Q, STM32U545CET6, STM32U545CET6Q, STM32U545CEU6, STM32U545CEU6Q, STM32U545JEY6QTR, STM32U545NEY6QTR, STM32U545REI6, STM32U545REI6Q, STM32U545RET6, STM32U545RET6Q, STM32U545VEI6, STM32U545VEI6Q, STM32U545VET6, STM32U545VET6Q, STM32U595AIH6, STM32U595AIH6Q, STM32U595AJH6, STM32U595AJH6Q, STM32U595QII6, STM32U595QII6Q, STM32U595QJI6, STM32U595QJI6Q, STM32U595RIT6, STM32U595RIT6Q, STM32U595RJT6, STM32U595RJT6Q, STM32U595VIT6, STM32U595VIT6Q, STM32U595VJT6, STM32U595VJT6Q, STM32U595ZIT6, STM32U595ZIT6Q, STM32U595ZIY6QTR, STM32U595ZJT6, STM32U595ZJT6Q, STM32U595ZJY6QTR, STM32U599BJY6QTR, STM32U599NIH6Q, STM32U599NJH6Q, STM32U599VIT6Q, STM32U599VJT6, STM32U599VJT6Q, STM32U599ZIT6Q, STM32U599ZIY6QTR, STM32U599ZJT6Q, STM32U599ZJY6QTR, STM32U5A5AJH6, STM32U5A5AJH6Q, STM32U5A5QJI6, STM32U5A5QJI6Q, STM32U5A5RJT6, STM32U5A5RJT6Q, STM32U5A5VJT6, STM32U5A5VJT6Q, STM32U5A5ZJT6, STM32U5A5ZJT6Q, STM32U5A5ZJY6QTR, STM32U5A9BJY6QTR, STM32U5A9J-DK, STM32U5A9NJH6Q, STM32U5A9VJT6Q, STM32U5A9ZJT6Q, STM32U5A9ZJY6QTR, STM32U5F7VIT6, STM32U5F7VIT6Q, STM32U5F7VJT6, STM32U5F7VJT6Q, STM32U5F9BJY6QTR, STM32U5F9NJH6Q, STM32U5F9VIT6Q, STM32U5F9VJT6Q, STM32U5F9ZIJ6QTR, STM32U5F9ZIT6Q, STM32U5F9ZJJ6QTR, STM32U5F9ZJT6Q, STM32U5G7VJT6, STM32U5G7VJT6Q, STM32U5G9BJY6QTR, STM32U5G9J-DK1, STM32U5G9J-DK2, STM32U5G9NJH6Q, STM32U5G9VJT6Q, STM32U5G9ZJJ6QTR, STM32U5G9ZJT6Q, STM32WB1MMCH6, STM32WBA52CEU6, STM32WBA52CEU6T, STM32WBA52CGU6, STM32WBA52CGU6T, STM32WBA52KEU6, STM32WBA52KEU6T, STM32WBA52KGU6, STM32WBA52KGU6T, STM32WL5MOCH6, STM32WL5MOCH6TR]
2023-08-11 18:37:56,286 [INFO] DbMcus:217 - Found 3848 MCUs, 3848 are supported
2023-08-11 18:37:56,290 [INFO] ApiDb:423 - Load user favorites file C:\Users\ZoMbiE/.stm32cubeide/favorites.mcus.txt: 1 item(s)
2023-08-11 18:37:56,291 [INFO] ApiDb:427 - User favorites MCUs=[STM32F769NIH6]
2023-08-11 18:37:56,291 [INFO] DbMcus:223 - Set 1 / 1 favorites MCUs
2023-08-11 18:37:56,460 [INFO] ApiDb:423 - Load user favorites file C:\Users\ZoMbiE/.stm32cubeide/favorites.boards.txt: 0 item(s)
2023-08-11 18:37:56,460 [INFO] ApiDb:427 - User favorites Boards=[]
2023-08-11 18:37:56,460 [INFO] DbBoards:190 - Set 0 / 0 favorites Boards
2023-08-11 18:37:56,461 [INFO] McuFinderGlobals:76 - Set McuFinderConnectedMode to true
2023-08-11 18:37:56,468 [INFO] MultiScanPanel:200 - Auto-refresh data requested => check proxy status ongoing
2023-08-11 18:37:56,470 [INFO] FinderPluginLoader:95 - Searching for filters in installed packs
2023-08-11 18:37:57,554 [INFO] LoadUrlFilesThread:185 - End of LoadServerUrlFiles without Thread
2023-08-11 18:37:57,560 [INFO] DetailPanel:341 - Set advertising image to D:\100_STM\STM32CubeRepository\en.prom-stm32h5-mcu-finder.jpg
2023-08-11 18:38:35,366 [INFO] McuAction:76 - Docs & Resources
2023-08-11 18:39:06,218 [INFO] MainUpdater:2868 - connection check result : 10
2023-08-11 18:39:06,218 [INFO] MainUpdater:2868 - connection check result : 10
2023-08-11 18:39:07,787 [INFO] MicroXplorer:468 - Change Database Path : 
2023-08-11 18:39:07,788 [INFO] MicroXplorer:498 - Change Database Version : DB.6.0.91
2023-08-11 18:39:07,791 [WARN] ThirdParty:871 - waiting for thirdparty lock release [close project]
2023-08-11 18:39:07,791 [INFO] ThirdParty:873 - entering critical section [close project]
2023-08-11 18:39:07,791 [INFO] ThirdParty:883 - exiting critical section [close project]
2023-08-11 18:39:07,792 [INFO] PinOutPanel:1499 - setPackage(No Configuration,No Configuration)
2023-08-11 18:39:07,797 [INFO] UtilMem:75 - Begin LoadConfig() Used Memory: 379653416 Bytes (523239424)
2023-08-11 18:39:07,798 [INFO] MicroXplorer:468 - Change Database Path : 
2023-08-11 18:39:07,798 [INFO] MicroXplorer:498 - Change Database Version : DB.6.0.91
2023-08-11 18:39:07,798 [INFO] OpenFileManager:308 - Change cursor
2023-08-11 18:39:07,825 [INFO] Mcu:1946 - Initializing MCU STM32F746NGHx STM32F746NGHx STM32F746NGH6
2023-08-11 18:39:09,652 [INFO] Context:659 - Trying to add GPIOservice into a context  which must be forbidden
2023-08-11 18:39:10,081 [INFO] ImportTextPane:194 - (OptionalMessage_ERROR) Unable to find key (Mcu.ThirdPartyNb) in loaded IOC file
2023-08-11 18:39:10,081 [INFO] ImportTextPane:194 - (OptionalMessage_ERROR) Unable to find key (Mcu.PinsNb) in loaded IOC file
2023-08-11 18:39:10,081 [INFO] ImportTextPane:194 - (OptionalMessage_ERROR) Unable to find key (Mcu.IPNb) in loaded IOC file
2023-08-11 18:39:10,315 [INFO] RtosManager:555 - Registered RTOS mode: class=CMSIS, group=RTOS, mode=CMSIS_V1, owner=FREERTOS
2023-08-11 18:39:10,315 [INFO] RtosManager:555 - Registered RTOS mode: class=CMSIS, group=RTOS2, mode=CMSIS_V2, owner=FREERTOS
2023-08-11 18:39:10,315 [INFO] RtosManager:555 - Registered RTOS mode: class=RTOS, group=Core, mode=CMSIS_V1, owner=FREERTOS
2023-08-11 18:39:10,315 [INFO] RtosManager:555 - Registered RTOS mode: class=RTOS, group=Core, mode=CMSIS_V2, owner=FREERTOS
2023-08-11 18:39:10,315 [WARN] ModelIntegratedComponent:184 - Missing modes for component STMicroelectronics:FreeRTOS:0.0.1:STMicroelectronics:RTOS:FreeRTOS:Core:::10.2.0:
2023-08-11 18:39:10,323 [WARN] ModelIntegratedComponent:63 - No mode defined for component null
2023-08-11 18:39:10,323 [WARN] ModelIntegratedComponent:63 - No mode defined for component null
2023-08-11 18:39:10,323 [WARN] ModelIntegratedComponent:63 - No mode defined for component null
2023-08-11 18:39:10,323 [WARN] ModelIntegratedComponent:63 - No mode defined for component null
2023-08-11 18:39:10,323 [WARN] ModelIntegratedComponent:63 - No mode defined for component null
2023-08-11 18:39:10,323 [WARN] ModelIntegratedComponent:63 - No mode defined for component null
2023-08-11 18:39:10,323 [WARN] ModelIntegratedComponent:63 - No mode defined for component null
2023-08-11 18:39:10,323 [WARN] ModelIntegratedComponent:63 - No mode defined for component null
2023-08-11 18:39:10,323 [WARN] ModelIntegratedComponent:63 - No mode defined for component null
2023-08-11 18:39:10,323 [WARN] ModelIntegratedComponent:63 - No mode defined for component null
2023-08-11 18:39:10,323 [WARN] ModelIntegratedComponent:63 - No mode defined for component null
2023-08-11 18:39:10,324 [WARN] ModelIntegratedComponent:63 - No mode defined for component null
2023-08-11 18:39:10,324 [WARN] ModelIntegratedComponent:63 - No mode defined for component null
2023-08-11 18:39:10,324 [WARN] ModelIntegratedComponent:63 - No mode defined for component null
2023-08-11 18:39:10,324 [WARN] ModelIntegratedComponent:63 - No mode defined for component null
2023-08-11 18:39:10,324 [WARN] ModelIntegratedComponent:63 - No mode defined for component null
2023-08-11 18:39:10,324 [WARN] ModelIntegratedComponent:63 - No mode defined for component null
2023-08-11 18:39:10,324 [WARN] ModelIntegratedComponent:63 - No mode defined for component null
2023-08-11 18:39:10,324 [WARN] ModelIntegratedComponent:63 - No mode defined for component null
2023-08-11 18:39:10,324 [WARN] ModelIntegratedComponent:63 - No mode defined for component null
2023-08-11 18:39:10,324 [WARN] ModelIntegratedComponent:63 - No mode defined for component null
2023-08-11 18:39:10,324 [WARN] ModelIntegratedComponent:63 - No mode defined for component null
2023-08-11 18:39:10,324 [WARN] ModelIntegratedComponent:63 - No mode defined for component null
2023-08-11 18:39:10,324 [WARN] ModelIntegratedComponent:63 - No mode defined for component null
2023-08-11 18:39:10,324 [WARN] ModelIntegratedComponent:63 - No mode defined for component null
2023-08-11 18:39:10,324 [WARN] ModelIntegratedComponent:63 - No mode defined for component null
2023-08-11 18:39:10,324 [WARN] ModelIntegratedComponent:63 - No mode defined for component null
2023-08-11 18:39:10,324 [WARN] ModelIntegratedComponent:63 - No mode defined for component null
2023-08-11 18:39:10,324 [WARN] ModelIntegratedComponent:63 - No mode defined for component null
2023-08-11 18:39:10,324 [WARN] ModelIntegratedComponent:63 - No mode defined for component null
2023-08-11 18:39:10,324 [WARN] ModelIntegratedComponent:63 - No mode defined for component null
2023-08-11 18:39:10,324 [WARN] ModelIntegratedComponent:63 - No mode defined for component null
2023-08-11 18:39:10,324 [WARN] ModelIntegratedComponent:63 - No mode defined for component null
2023-08-11 18:39:10,438 [INFO] ThirdPartyModel:298 - Start build external matchings
2023-08-11 18:39:11,214 [INFO] ThirdPartyModel:316 - End build external matchings
2023-08-11 18:39:11,591 [INFO] UtilMem:75 - End LoadConfig() Used Memory: 208407168 Bytes (633339904)
2023-08-11 18:39:11,610 [WARN] ThirdParty:833 - waiting for thirdparty lock release [change project]
2023-08-11 18:39:11,610 [INFO] ThirdParty:835 - entering critical section [change project]
2023-08-11 18:39:11,610 [INFO] ThirdParty:1030 - CMSIS Pack Vendor :STMicroelectronics X-CUBE-ISPU 1.1.0
2023-08-11 18:39:11,610 [INFO] ThirdParty:1030 - CMSIS Pack Vendor :STMicroelectronics USBPD 4.1
2023-08-11 18:39:11,610 [INFO] ThirdParty:1030 - CMSIS Pack Vendor :STMicroelectronics X-CUBE-GNSS1 6.0.0
2023-08-11 18:39:11,610 [INFO] ThirdParty:1030 - CMSIS Pack Vendor :STMicroelectronics USB_HOST 2.0.0
2023-08-11 18:39:11,610 [INFO] ThirdParty:1030 - CMSIS Pack Vendor :STMicroelectronics X-CUBE-AZRTOS-F4 1.1.0
2023-08-11 18:39:11,610 [INFO] ThirdParty:1030 - CMSIS Pack Vendor :STMicroelectronics LIBJPEG 8.0.0
2023-08-11 18:39:11,610 [INFO] ThirdParty:1030 - CMSIS Pack Vendor :wolfSSL I-CUBE-wolfSSL 5.6.3
2023-08-11 18:39:11,610 [INFO] ThirdParty:1030 - CMSIS Pack Vendor :STMicroelectronics X-CUBE-SMBUS 2.1.0
2023-08-11 18:39:11,610 [INFO] ThirdParty:1030 - CMSIS Pack Vendor :STMicroelectronics USB_DEVICE 3.0.0
2023-08-11 18:39:11,610 [INFO] ThirdParty:1030 - CMSIS Pack Vendor :STMicroelectronics X-CUBE-AZRTOS-WB 2.0.0
2023-08-11 18:39:11,610 [INFO] ThirdParty:1030 - CMSIS Pack Vendor :STMicroelectronics X-CUBE-FREERTOS 1.0.1
2023-08-11 18:39:11,610 [INFO] ThirdParty:1030 - CMSIS Pack Vendor :STMicroelectronics X-CUBE-AZRTOS-F7 1.1.0
2023-08-11 18:39:11,611 [INFO] ThirdParty:1030 - CMSIS Pack Vendor :STMicroelectronics X-CUBE-AZRTOS-L5 2.0.0
2023-08-11 18:39:11,611 [INFO] ThirdParty:1030 - CMSIS Pack Vendor :STMicroelectronics X-CUBE-MEMS1 9.4.0
2023-08-11 18:39:11,611 [INFO] ThirdParty:1030 - CMSIS Pack Vendor :STMicroelectronics USB_DEVICE 2.0.0
2023-08-11 18:39:11,611 [INFO] ThirdParty:1030 - CMSIS Pack Vendor :STMicroelectronics X-CUBE-MEMS1 9.6.0
2023-08-11 18:39:11,611 [INFO] ThirdParty:1030 - CMSIS Pack Vendor :STMicroelectronics FP-SNS-MOTENV1 4.3.2
2023-08-11 18:39:11,611 [INFO] ThirdParty:1030 - CMSIS Pack Vendor :STMicroelectronics X-CUBE-ALGOBUILD 1.3.0
2023-08-11 18:39:11,611 [INFO] ThirdParty:1030 - CMSIS Pack Vendor :STMicroelectronics X-CUBE-BLE1 6.2.4
2023-08-11 18:39:11,611 [INFO] ThirdParty:1030 - CMSIS Pack Vendor :STMicroelectronics X-CUBE-AZRTOS-L5 1.1.0
2023-08-11 18:39:11,611 [INFO] ThirdParty:1030 - CMSIS Pack Vendor :STMicroelectronics FreeRTOS 0.0.1
2023-08-11 18:39:11,611 [INFO] ThirdParty:1030 - CMSIS Pack Vendor :STMicroelectronics X-CUBE-AZRTOS-G0 1.1.0
2023-08-11 18:39:11,611 [INFO] ThirdParty:1030 - CMSIS Pack Vendor :STMicroelectronics X-CUBE-BLEMGR 2.0.0
2023-08-11 18:39:11,611 [INFO] ThirdParty:1030 - CMSIS Pack Vendor :STMicroelectronics X-CUBE-AI 8.0.1
2023-08-11 18:39:11,611 [INFO] ThirdParty:1030 - CMSIS Pack Vendor :STMicroelectronics X-CUBE-NFC4 3.0.0
2023-08-11 18:39:11,611 [INFO] ThirdParty:1030 - CMSIS Pack Vendor :STMicroelectronics X-CUBE-SUBG2 5.0.0
2023-08-11 18:39:11,611 [INFO] ThirdParty:1030 - CMSIS Pack Vendor :STMicroelectronics STM32_WPAN 1.0.0
2023-08-11 18:39:11,611 [INFO] ThirdParty:1030 - CMSIS Pack Vendor :STMicroelectronics lwIP 2.0.3
2023-08-11 18:39:11,611 [INFO] ThirdParty:1030 - CMSIS Pack Vendor :STMicroelectronics FP-SNS-FLIGHT1 5.0.2
2023-08-11 18:39:11,611 [INFO] ThirdParty:1030 - CMSIS Pack Vendor :STMicroelectronics USB_HOST 1.0.0
2023-08-11 18:39:11,611 [INFO] ThirdParty:1030 - CMSIS Pack Vendor :STMicroelectronics X-CUBE-TOF1 3.3.1
2023-08-11 18:39:11,611 [INFO] ThirdParty:1030 - CMSIS Pack Vendor :STMicroelectronics X-CUBE-AZRTOS-G4 2.0.0
2023-08-11 18:39:11,611 [INFO] ThirdParty:1030 - CMSIS Pack Vendor :STMicroelectronics PDM2PCM 3.1.0
2023-08-11 18:39:11,611 [INFO] ThirdParty:1030 - CMSIS Pack Vendor :STMicroelectronics X-CUBE-AZRTOS-H7 3.1.0
2023-08-11 18:39:11,612 [INFO] ThirdParty:1030 - CMSIS Pack Vendor :STMicroelectronics PDM2PCM 3.3.0
2023-08-11 18:39:11,612 [INFO] ThirdParty:1030 - CMSIS Pack Vendor :STMicroelectronics X-CUBE-DISPLAY 3.0.0
2023-08-11 18:39:11,612 [INFO] ThirdParty:1030 - CMSIS Pack Vendor :STMicroelectronics FP-ATR-SIGFOX1 3.2.0
2023-08-11 18:39:11,612 [INFO] ThirdParty:1030 - CMSIS Pack Vendor :STMicroelectronics HAL Drivers 0.0.0
2023-08-11 18:39:11,612 [INFO] ThirdParty:1030 - CMSIS Pack Vendor :STMicroelectronics MBEDTLS 2.16.2
2023-08-11 18:39:11,612 [INFO] ThirdParty:1030 - CMSIS Pack Vendor :emotas I-CUBE-CANOPEN 1.3.0
2023-08-11 18:39:11,612 [INFO] ThirdParty:1030 - CMSIS Pack Vendor :STMicroelectronics X-CUBE-TOUCHGFX 4.22.0
2023-08-11 18:39:11,612 [INFO] ThirdParty:1030 - CMSIS Pack Vendor :STMicroelectronics X-CUBE-NFC7 1.0.1
2023-08-11 18:39:11,612 [INFO] ThirdParty:1030 - CMSIS Pack Vendor :STMicroelectronics MBEDTLS 2.14.1
2023-08-11 18:39:11,612 [INFO] ThirdParty:1030 - CMSIS Pack Vendor :STMicroelectronics X-CUBE-MEMS1 9.3.0
2023-08-11 18:39:11,612 [INFO] ThirdParty:1030 - CMSIS Pack Vendor :STMicroelectronics X-CUBE-EEPRMA1 4.1.0
2023-08-11 18:39:11,612 [INFO] ThirdParty:1030 - CMSIS Pack Vendor :portGmbH I-Cube-SoM-uGOAL 1.1.0
2023-08-11 18:39:11,612 [INFO] ThirdParty:1030 - CMSIS Pack Vendor :STMicroelectronics X-CUBE-ALS 1.0.1
2023-08-11 18:39:11,612 [INFO] ThirdParty:1030 - CMSIS Pack Vendor :STMicroelectronics X-CUBE-MEMS1 9.5.0
2023-08-11 18:39:11,612 [INFO] ThirdParty:1030 - CMSIS Pack Vendor :STMicroelectronics ThreadX 1.0.0
2023-08-11 18:39:11,612 [INFO] ThirdParty:1030 - CMSIS Pack Vendor :STMicroelectronics X-CUBE-AZRTOS-WB 1.1.0
2023-08-11 18:39:11,612 [INFO] ThirdParty:1030 - CMSIS Pack Vendor :STMicroelectronics X-CUBE-AZRTOS-WL 2.0.0
2023-08-11 18:39:11,612 [INFO] ThirdParty:1030 - CMSIS Pack Vendor :SEGGER I-CUBE-embOS 1.3.1
2023-08-11 18:39:11,613 [INFO] ThirdParty:1030 - CMSIS Pack Vendor :STMicroelectronics USB_DEVICE 1.0.0
2023-08-11 18:39:11,613 [INFO] ThirdParty:1030 - CMSIS Pack Vendor :STMicroelectronics X-CUBE-AI 8.1.0
2023-08-11 18:39:11,613 [INFO] ThirdParty:1030 - CMSIS Pack Vendor :STMicroelectronics X-CUBE-AZRTOS-L4 2.0.0
2023-08-11 18:39:11,613 [INFO] ThirdParty:1030 - CMSIS Pack Vendor :STMicroelectronics ThreadX 0.0.2
2023-08-11 18:39:11,613 [INFO] ThirdParty:1030 - CMSIS Pack Vendor :WES I-CUBE-Cesium 1.3.0
2023-08-11 18:39:11,613 [INFO] ThirdParty:1030 - CMSIS Pack Vendor :STMicroelectronics FP-ATR-ASTRA1 2.0.0
2023-08-11 18:39:11,613 [INFO] ThirdParty:1030 - CMSIS Pack Vendor :STMicroelectronics lwIP 2.1.2
2023-08-11 18:39:11,613 [INFO] ThirdParty:1030 - CMSIS Pack Vendor :STMicroelectronics X-CUBE-SFXS2LP1 4.0.0
2023-08-11 18:39:11,613 [INFO] ThirdParty:1030 - CMSIS Pack Vendor :STMicroelectronics X-CUBE-BLE2 3.3.0
2023-08-11 18:39:11,613 [INFO] ThirdParty:1030 - CMSIS Pack Vendor :STMicroelectronics X-CUBE-DISPLAY 2.2.0
2023-08-11 18:39:11,613 [INFO] ThirdParty:1030 - CMSIS Pack Vendor :STMicroelectronics PDM2PCM 3.2.0
2023-08-11 18:39:11,613 [INFO] ThirdParty:841 - exiting critical section [change project]
2023-08-11 18:39:12,024 [INFO] PinOutPanel:1499 - setPackage(No Configuration,No Configuration)
2023-08-11 18:39:12,024 [INFO] PinOutPanel:1499 - setPackage(STM32F746NGHx,TFBGA216)
2023-08-11 18:39:12,527 [INFO] UtilMem:75 - Before build in PCC Used Memory: 251557056 Bytes (633339904)
2023-08-11 18:39:13,190 [INFO] UtilMem:75 - After build in PCC Used Memory: 326005952 Bytes (633339904)
2023-08-11 18:39:13,223 [INFO] IPUIPlugin:80 - create IPUIPlugin
2023-08-11 18:39:13,223 [INFO] IPUIPlugin:80 - create IPUIPlugin
2023-08-11 18:39:13,223 [INFO] IPUIPlugin:80 - create IPUIPlugin
2023-08-11 18:39:13,223 [INFO] IPUIPlugin:80 - create IPUIPlugin
2023-08-11 18:39:13,223 [INFO] IPUIPlugin:80 - create IPUIPlugin
2023-08-11 18:39:13,223 [INFO] IPUIPlugin:80 - create IPUIPlugin
2023-08-11 18:39:13,223 [INFO] IPUIPlugin:80 - create IPUIPlugin
2023-08-11 18:39:13,223 [INFO] IPUIPlugin:80 - create IPUIPlugin
2023-08-11 18:39:13,224 [INFO] IPUIPlugin:80 - create IPUIPlugin
2023-08-11 18:39:13,224 [INFO] IPUIPlugin:80 - create IPUIPlugin
2023-08-11 18:39:13,224 [INFO] IPUIPlugin:80 - create IPUIPlugin
2023-08-11 18:39:13,224 [INFO] IPUIPlugin:80 - create IPUIPlugin
2023-08-11 18:39:13,224 [INFO] IPUIPlugin:80 - create IPUIPlugin
2023-08-11 18:39:13,224 [INFO] IPUIPlugin:80 - create IPUIPlugin
2023-08-11 18:39:13,224 [INFO] IPUIPlugin:80 - create IPUIPlugin
2023-08-11 18:39:13,224 [INFO] IPUIPlugin:80 - create IPUIPlugin
2023-08-11 18:39:13,224 [INFO] IPUIPlugin:80 - create IPUIPlugin
2023-08-11 18:39:13,224 [INFO] IPUIPlugin:80 - create IPUIPlugin
2023-08-11 18:39:13,224 [INFO] IPUIPlugin:80 - create IPUIPlugin
2023-08-11 18:39:13,225 [INFO] IPUIPlugin:80 - create IPUIPlugin
2023-08-11 18:39:13,225 [INFO] IPUIPlugin:80 - create IPUIPlugin
2023-08-11 18:39:13,225 [INFO] IPUIPlugin:80 - create IPUIPlugin
2023-08-11 18:39:13,225 [INFO] IPUIPlugin:80 - create IPUIPlugin
2023-08-11 18:39:13,225 [INFO] IPUIPlugin:80 - create IPUIPlugin
2023-08-11 18:39:13,225 [INFO] IPUIPlugin:80 - create IPUIPlugin
2023-08-11 18:39:13,225 [INFO] IPUIPlugin:80 - create IPUIPlugin
2023-08-11 18:39:13,225 [INFO] IPUIPlugin:80 - create IPUIPlugin
2023-08-11 18:39:13,225 [INFO] IPUIPlugin:80 - create IPUIPlugin
2023-08-11 18:39:13,226 [INFO] IPUIPlugin:80 - create IPUIPlugin
2023-08-11 18:39:13,226 [INFO] IPUIPlugin:80 - create IPUIPlugin
2023-08-11 18:39:13,226 [INFO] IPUIPlugin:80 - create IPUIPlugin
2023-08-11 18:39:13,226 [INFO] IPUIPlugin:80 - create IPUIPlugin
2023-08-11 18:39:13,226 [INFO] IPUIPlugin:80 - create IPUIPlugin
2023-08-11 18:39:13,226 [INFO] IPUIPlugin:80 - create IPUIPlugin
2023-08-11 18:39:13,227 [INFO] IPUIPlugin:80 - create IPUIPlugin
2023-08-11 18:39:13,227 [INFO] IPUIPlugin:80 - create IPUIPlugin
2023-08-11 18:39:13,227 [INFO] IPUIPlugin:80 - create IPUIPlugin
2023-08-11 18:39:13,228 [INFO] IPUIPlugin:80 - create IPUIPlugin
2023-08-11 18:39:13,228 [INFO] IPUIPlugin:80 - create IPUIPlugin
2023-08-11 18:39:13,228 [INFO] IPUIPlugin:80 - create IPUIPlugin
2023-08-11 18:39:13,228 [INFO] IPUIPlugin:80 - create IPUIPlugin
2023-08-11 18:39:13,228 [INFO] IPUIPlugin:80 - create IPUIPlugin
2023-08-11 18:39:13,228 [INFO] IPUIPlugin:80 - create IPUIPlugin
2023-08-11 18:39:13,229 [INFO] IPUIPlugin:80 - create IPUIPlugin
2023-08-11 18:39:13,229 [INFO] IPUIPlugin:80 - create IPUIPlugin
2023-08-11 18:39:13,229 [INFO] IPUIPlugin:80 - create IPUIPlugin
2023-08-11 18:39:13,229 [INFO] IPUIPlugin:80 - create IPUIPlugin
2023-08-11 18:39:13,229 [INFO] IPUIPlugin:80 - create IPUIPlugin
2023-08-11 18:39:13,229 [INFO] IPUIPlugin:80 - create IPUIPlugin
2023-08-11 18:39:13,230 [INFO] IPUIPlugin:80 - create IPUIPlugin
2023-08-11 18:39:13,230 [INFO] IPUIPlugin:80 - create IPUIPlugin
2023-08-11 18:39:13,230 [INFO] IPUIPlugin:80 - create IPUIPlugin
2023-08-11 18:39:13,230 [INFO] IPUIPlugin:80 - create IPUIPlugin
2023-08-11 18:39:13,230 [INFO] IPUIPlugin:80 - create IPUIPlugin
2023-08-11 18:39:13,230 [INFO] IPUIPlugin:80 - create IPUIPlugin
2023-08-11 18:39:13,231 [INFO] IPUIPlugin:80 - create IPUIPlugin
2023-08-11 18:39:13,231 [INFO] IPUIPlugin:80 - create IPUIPlugin
2023-08-11 18:39:13,231 [INFO] IPUIPlugin:80 - create IPUIPlugin
2023-08-11 18:39:13,231 [INFO] IPUIPlugin:80 - create IPUIPlugin
2023-08-11 18:39:13,232 [INFO] IPUIPlugin:80 - create IPUIPlugin
2023-08-11 18:39:13,232 [INFO] IPUIPlugin:80 - create IPUIPlugin
2023-08-11 18:39:13,232 [INFO] IPUIPlugin:80 - create IPUIPlugin
2023-08-11 18:39:13,232 [INFO] IPUIPlugin:80 - create IPUIPlugin
2023-08-11 18:39:13,233 [INFO] IPUIPlugin:80 - create IPUIPlugin
2023-08-11 18:39:13,233 [INFO] IPUIPlugin:80 - create IPUIPlugin
2023-08-11 18:39:13,233 [INFO] IPUIPlugin:80 - create IPUIPlugin
2023-08-11 18:39:13,234 [INFO] IPUIPlugin:80 - create IPUIPlugin
2023-08-11 18:39:13,234 [INFO] IPUIPlugin:80 - create IPUIPlugin
2023-08-11 18:39:13,234 [INFO] IPUIPlugin:80 - create IPUIPlugin
2023-08-11 18:39:13,234 [INFO] IPUIPlugin:80 - create IPUIPlugin
2023-08-11 18:39:13,235 [INFO] IPUIPlugin:80 - create IPUIPlugin
2023-08-11 18:39:13,235 [INFO] IPUIPlugin:80 - create IPUIPlugin
2023-08-11 18:39:13,235 [INFO] IPUIPlugin:80 - create IPUIPlugin
2023-08-11 18:39:13,236 [INFO] IPUIPlugin:80 - create IPUIPlugin
2023-08-11 18:39:13,328 [INFO] ApiDbMcu:507 - Load IP Config File for PDM2PCM
2023-08-11 18:39:13,534 [INFO] CADModel:165 - CPN selected for project levelSTM32F746NGH6
2023-08-11 18:39:13,534 [INFO] CADModel:114 - Register for checkConnection events
2023-08-11 18:39:13,580 [INFO] OpenFileManager:328 - Restore cursor
2023-08-11 18:39:14,138 [INFO] UtilMem:75 - End SaveConfig() Used Memory: 530050536 Bytes (633339904)
2023-08-11 18:39:14,226 [INFO] UtilMem:75 - End SaveConfig() Used Memory: 220699720 Bytes (633339904)
2023-08-11 18:39:14,542 [INFO] BlockDiagram:2759 - set Specific Code input for plugin: RCC
2023-08-11 18:39:14,542 [INFO] BlockDiagram:2759 - set Specific Code input for plugin: NVIC
2023-08-11 18:39:14,543 [INFO] CodeGenerator:799 - code generatio: config db path: C:\STM32\STM32CubeIDE\STM32CubeIDE\plugins\com.st.stm32cube.common.mx_6.9.1.202307191849\\db\
2023-08-11 18:39:14,673 [INFO] CodeEngine:255 - oldGeneratedFile, D:\__GitHub\discoF746\STM32CubeIDE\020_SDRAM\MXTmpFiles\license.tmp_save
2023-08-11 18:39:14,932 [INFO] CodeEngine:279 - Generated code: D:\__GitHub\discoF746\STM32CubeIDE\020_SDRAM\MXTmpFiles\license.tmp
2023-08-11 18:39:14,970 [INFO] CodeEngine:255 - oldGeneratedFile, D:\__GitHub\discoF746\STM32CubeIDE\020_SDRAM\MXTmpFiles\cortex.tmp_save
2023-08-11 18:39:15,065 [INFO] CodeEngine:279 - Generated code: D:\__GitHub\discoF746\STM32CubeIDE\020_SDRAM\MXTmpFiles\cortex.tmp
2023-08-11 18:39:15,071 [INFO] CodeEngine:255 - oldGeneratedFile, D:\__GitHub\discoF746\STM32CubeIDE\020_SDRAM\Core\Src\stm32f7xx_it.c_save
2023-08-11 18:39:15,184 [INFO] CodeEngine:279 - Generated code: D:\__GitHub\discoF746\STM32CubeIDE\020_SDRAM\Core\Src\stm32f7xx_it.c
2023-08-11 18:39:15,187 [INFO] CodeEngine:255 - oldGeneratedFile, D:\__GitHub\discoF746\STM32CubeIDE\020_SDRAM\Core\Inc\stm32f7xx_it.h_save
2023-08-11 18:39:15,263 [INFO] CodeEngine:279 - Generated code: D:\__GitHub\discoF746\STM32CubeIDE\020_SDRAM\Core\Inc\stm32f7xx_it.h
2023-08-11 18:39:15,279 [INFO] CodeEngine:255 - oldGeneratedFile, D:\__GitHub\discoF746\STM32CubeIDE\020_SDRAM\Core\Src\stm32f7xx_hal_msp.c_save
2023-08-11 18:39:15,385 [INFO] CodeEngine:279 - Generated code: D:\__GitHub\discoF746\STM32CubeIDE\020_SDRAM\Core\Src\stm32f7xx_hal_msp.c
2023-08-11 18:39:15,387 [INFO] CodeEngine:255 - oldGeneratedFile, D:\__GitHub\discoF746\STM32CubeIDE\020_SDRAM\MXTmpFiles\system.tmp_save
2023-08-11 18:39:15,447 [INFO] CodeEngine:279 - Generated code: D:\__GitHub\discoF746\STM32CubeIDE\020_SDRAM\MXTmpFiles\system.tmp
2023-08-11 18:39:15,452 [INFO] CodeEngine:311 - oldGeneratedFile, D:\__GitHub\discoF746\STM32CubeIDE\020_SDRAM\Core\Inc\stm32f7xx_hal_conf.h_save
2023-08-11 18:39:15,553 [INFO] CodeEngine:335 - Generated code: D:\__GitHub\discoF746\STM32CubeIDE\020_SDRAM\Core\Inc\stm32f7xx_hal_conf.h
2023-08-11 18:39:15,589 [INFO] CodeEngine:255 - oldGeneratedFile, D:\__GitHub\discoF746\STM32CubeIDE\020_SDRAM\Core\Inc\main.h_save
2023-08-11 18:39:15,674 [INFO] CodeEngine:279 - Generated code: D:\__GitHub\discoF746\STM32CubeIDE\020_SDRAM\Core\Inc\main.h
2023-08-11 18:39:15,676 [INFO] CodeEngine:255 - oldGeneratedFile, D:\__GitHub\discoF746\STM32CubeIDE\020_SDRAM\Core\Src\main.c_save
2023-08-11 18:39:15,790 [INFO] CodeEngine:279 - Generated code: D:\__GitHub\discoF746\STM32CubeIDE\020_SDRAM\Core\Src\main.c
2023-08-11 18:39:16,171 [INFO] ProjectBuilder:3064 - Time for Copy HAL[1] : 46mS.
2023-08-11 18:39:16,175 [INFO] ProjectBuilder:4404 - Project Generator version: 4.1.0
2023-08-11 18:39:16,375 [INFO] ConfigFileManager:1457 - The Die is : DIE449
2023-08-11 18:39:16,381 [INFO] ApiDbMcu:507 - Load IP Config File for FATFS
2023-08-11 18:39:16,387 [INFO] ApiDbMcu:507 - Load IP Config File for FREERTOS
2023-08-11 18:39:16,389 [INFO] ApiDbMcu:507 - Load IP Config File for LIBJPEG
2023-08-11 18:39:16,395 [INFO] ApiDbMcu:507 - Load IP Config File for LWIP
2023-08-11 18:39:16,401 [INFO] ApiDbMcu:507 - Load IP Config File for MBEDTLS
2023-08-11 18:39:16,408 [INFO] ApiDbMcu:507 - Load IP Config File for USB_DEVICE
2023-08-11 18:39:16,412 [INFO] ApiDbMcu:507 - Load IP Config File for USB_HOST
2023-08-11 18:39:16,930 [INFO] LogOutputStream:77 - [STDOUT_REDIRECT] 
2023-08-11 18:39:19,147 [INFO] ProjectBuilder:4626 - Time for Generating toolchain IDE Files: 2972mS.
2023-08-11 18:39:19,148 [INFO] ProjectBuilder:2935 - Time for Copy CMSIS : 0mS.
2023-08-11 18:39:19,148 [INFO] ProjectBuilder:2935 - Time for Copy CMSIS : 0mS.
2023-08-11 18:39:20,824 [INFO] McuFinderGlobals:76 - Set McuFinderConnectedMode to true
2023-08-11 18:39:20,826 [INFO] ApiDb:448 - Save user favorites file C:\Users\ZoMbiE/.stm32cubeide/favorites.mcus.txt: 1 item(s)
2023-08-11 18:39:20,826 [INFO] ApiDb:452 - User favorites MCUs=[STM32F769NIH6]
2023-08-11 18:41:08,817 [INFO] UtilMem:75 - End SaveConfig() Used Memory: 403184432 Bytes (839909376)
2023-08-11 18:41:08,876 [INFO] UtilMem:75 - End SaveConfig() Used Memory: 437265200 Bytes (839909376)
2023-08-11 18:41:09,696 [INFO] UtilMem:75 - End SaveConfig() Used Memory: 510013520 Bytes (839909376)
2023-08-11 18:41:09,905 [INFO] BlockDiagram:2759 - set Specific Code input for plugin: SYS
2023-08-11 18:41:09,905 [INFO] BlockDiagram:2759 - set Specific Code input for plugin: RCC
2023-08-11 18:41:09,905 [INFO] BlockDiagram:2759 - set Specific Code input for plugin: NVIC
2023-08-11 18:41:09,905 [INFO] BlockDiagram:2759 - set Specific Code input for plugin: GPIO
2023-08-11 18:41:09,905 [INFO] CodeGenerator:799 - code generatio: config db path: C:\STM32\STM32CubeIDE\STM32CubeIDE\plugins\com.st.stm32cube.common.mx_6.9.1.202307191849\\db\
2023-08-11 18:41:10,005 [INFO] CodeEngine:255 - oldGeneratedFile, D:\__GitHub\discoF746\STM32CubeIDE\020_SDRAM\MXTmpFiles\license.tmp_save
2023-08-11 18:41:10,076 [INFO] CodeEngine:279 - Generated code: D:\__GitHub\discoF746\STM32CubeIDE\020_SDRAM\MXTmpFiles\license.tmp
2023-08-11 18:41:10,084 [INFO] CodeEngine:255 - oldGeneratedFile, D:\__GitHub\discoF746\STM32CubeIDE\020_SDRAM\MXTmpFiles\gpio.tmp_save
2023-08-11 18:41:10,167 [INFO] CodeEngine:279 - Generated code: D:\__GitHub\discoF746\STM32CubeIDE\020_SDRAM\MXTmpFiles\gpio.tmp
2023-08-11 18:41:10,179 [INFO] CodeEngine:255 - oldGeneratedFile, D:\__GitHub\discoF746\STM32CubeIDE\020_SDRAM\MXTmpFiles\cortex.tmp_save
2023-08-11 18:41:10,244 [INFO] CodeEngine:279 - Generated code: D:\__GitHub\discoF746\STM32CubeIDE\020_SDRAM\MXTmpFiles\cortex.tmp
2023-08-11 18:41:10,256 [INFO] CodeEngine:255 - oldGeneratedFile, D:\__GitHub\discoF746\STM32CubeIDE\020_SDRAM\Core\Src\stm32f7xx_it.c_save
2023-08-11 18:41:10,326 [INFO] CodeEngine:279 - Generated code: D:\__GitHub\discoF746\STM32CubeIDE\020_SDRAM\Core\Src\stm32f7xx_it.c
2023-08-11 18:41:10,329 [INFO] CodeEngine:255 - oldGeneratedFile, D:\__GitHub\discoF746\STM32CubeIDE\020_SDRAM\Core\Inc\stm32f7xx_it.h_save
2023-08-11 18:41:10,378 [INFO] CodeEngine:279 - Generated code: D:\__GitHub\discoF746\STM32CubeIDE\020_SDRAM\Core\Inc\stm32f7xx_it.h
2023-08-11 18:41:10,389 [INFO] CodeEngine:255 - oldGeneratedFile, D:\__GitHub\discoF746\STM32CubeIDE\020_SDRAM\Core\Src\stm32f7xx_hal_msp.c_save
2023-08-11 18:41:10,456 [INFO] CodeEngine:279 - Generated code: D:\__GitHub\discoF746\STM32CubeIDE\020_SDRAM\Core\Src\stm32f7xx_hal_msp.c
2023-08-11 18:41:10,458 [INFO] CodeEngine:255 - oldGeneratedFile, D:\__GitHub\discoF746\STM32CubeIDE\020_SDRAM\MXTmpFiles\system.tmp_save
2023-08-11 18:41:10,505 [INFO] CodeEngine:279 - Generated code: D:\__GitHub\discoF746\STM32CubeIDE\020_SDRAM\MXTmpFiles\system.tmp
2023-08-11 18:41:10,518 [INFO] CodeEngine:311 - oldGeneratedFile, D:\__GitHub\discoF746\STM32CubeIDE\020_SDRAM\Core\Inc\stm32f7xx_hal_conf.h_save
2023-08-11 18:41:10,595 [INFO] CodeEngine:335 - Generated code: D:\__GitHub\discoF746\STM32CubeIDE\020_SDRAM\Core\Inc\stm32f7xx_hal_conf.h
2023-08-11 18:41:10,625 [INFO] CodeEngine:255 - oldGeneratedFile, D:\__GitHub\discoF746\STM32CubeIDE\020_SDRAM\Core\Inc\main.h_save
2023-08-11 18:41:10,683 [INFO] CodeEngine:279 - Generated code: D:\__GitHub\discoF746\STM32CubeIDE\020_SDRAM\Core\Inc\main.h
2023-08-11 18:41:10,693 [INFO] CodeEngine:255 - oldGeneratedFile, D:\__GitHub\discoF746\STM32CubeIDE\020_SDRAM\Core\Src\main.c_save
2023-08-11 18:41:10,844 [INFO] CodeEngine:279 - Generated code: D:\__GitHub\discoF746\STM32CubeIDE\020_SDRAM\Core\Src\main.c
2023-08-11 18:41:11,176 [INFO] ProjectBuilder:3064 - Time for Copy HAL[1] : 48mS.
2023-08-11 18:41:11,177 [INFO] ProjectBuilder:4404 - Project Generator version: 4.1.0
2023-08-11 18:41:11,313 [INFO] ConfigFileManager:1457 - The Die is : DIE449
2023-08-11 18:41:12,184 [INFO] ProjectBuilder:4626 - Time for Generating toolchain IDE Files: 1006mS.
2023-08-11 18:41:12,184 [INFO] ProjectBuilder:2935 - Time for Copy CMSIS : 0mS.
2023-08-11 18:41:12,185 [INFO] ProjectBuilder:2935 - Time for Copy CMSIS : 0mS.
2023-08-11 18:57:08,776 [WARN] IpParametersView:151 - Warning: This peripheral hasn't parameters
2023-08-11 19:04:01,599 [INFO] UtilMem:75 - End SaveConfig() Used Memory: 549765192 Bytes (888143872)
2023-08-11 19:04:01,668 [INFO] UtilMem:75 - End SaveConfig() Used Memory: 584366944 Bytes (888143872)
2023-08-11 19:04:02,094 [INFO] UtilMem:75 - End SaveConfig() Used Memory: 642562120 Bytes (888143872)
2023-08-11 19:04:02,292 [INFO] BlockDiagram:2759 - set Specific Code input for plugin: SYS
2023-08-11 19:04:02,293 [INFO] BlockDiagram:2759 - set Specific Code input for plugin: RCC
2023-08-11 19:04:02,293 [INFO] BlockDiagram:2759 - set Specific Code input for plugin: NVIC
2023-08-11 19:04:02,293 [INFO] BlockDiagram:2759 - set Specific Code input for plugin: FMC
2023-08-11 19:04:02,293 [INFO] BlockDiagram:2759 - set Specific Code input for plugin: GPIO
2023-08-11 19:04:02,293 [INFO] CodeGenerator:799 - code generatio: config db path: C:\STM32\STM32CubeIDE\STM32CubeIDE\plugins\com.st.stm32cube.common.mx_6.9.1.202307191849\\db\
2023-08-11 19:04:02,437 [INFO] CodeEngine:255 - oldGeneratedFile, D:\__GitHub\discoF746\STM32CubeIDE\020_SDRAM\MXTmpFiles\license.tmp_save
2023-08-11 19:04:02,541 [INFO] CodeEngine:279 - Generated code: D:\__GitHub\discoF746\STM32CubeIDE\020_SDRAM\MXTmpFiles\license.tmp
2023-08-11 19:04:02,583 [INFO] CodeEngine:255 - oldGeneratedFile, D:\__GitHub\discoF746\STM32CubeIDE\020_SDRAM\MXTmpFiles\gpio.tmp_save
2023-08-11 19:04:02,670 [INFO] CodeEngine:279 - Generated code: D:\__GitHub\discoF746\STM32CubeIDE\020_SDRAM\MXTmpFiles\gpio.tmp
2023-08-11 19:04:02,782 [INFO] CodeEngine:255 - oldGeneratedFile, D:\__GitHub\discoF746\STM32CubeIDE\020_SDRAM\MXTmpFiles\cortex.tmp_save
2023-08-11 19:04:02,873 [INFO] CodeEngine:279 - Generated code: D:\__GitHub\discoF746\STM32CubeIDE\020_SDRAM\MXTmpFiles\cortex.tmp
2023-08-11 19:04:02,877 [INFO] CodeEngine:255 - oldGeneratedFile, D:\__GitHub\discoF746\STM32CubeIDE\020_SDRAM\MXTmpFiles\mx_fmc_HC.tmp_save
2023-08-11 19:04:02,966 [INFO] CodeEngine:279 - Generated code: D:\__GitHub\discoF746\STM32CubeIDE\020_SDRAM\MXTmpFiles\mx_fmc_HC.tmp
2023-08-11 19:04:02,968 [INFO] CodeEngine:255 - oldGeneratedFile, D:\__GitHub\discoF746\STM32CubeIDE\020_SDRAM\MXTmpFiles\mx_fmc_GV.tmp_save
2023-08-11 19:04:03,027 [INFO] CodeEngine:279 - Generated code: D:\__GitHub\discoF746\STM32CubeIDE\020_SDRAM\MXTmpFiles\mx_fmc_GV.tmp
2023-08-11 19:04:03,029 [INFO] CodeEngine:255 - oldGeneratedFile, D:\__GitHub\discoF746\STM32CubeIDE\020_SDRAM\MXTmpFiles\mx_fmc_MSP.tmp_save
2023-08-11 19:04:03,107 [INFO] CodeEngine:279 - Generated code: D:\__GitHub\discoF746\STM32CubeIDE\020_SDRAM\MXTmpFiles\mx_fmc_MSP.tmp
2023-08-11 19:04:03,120 [INFO] CodeEngine:255 - oldGeneratedFile, D:\__GitHub\discoF746\STM32CubeIDE\020_SDRAM\Core\Src\stm32f7xx_it.c_save
2023-08-11 19:04:03,245 [INFO] CodeEngine:279 - Generated code: D:\__GitHub\discoF746\STM32CubeIDE\020_SDRAM\Core\Src\stm32f7xx_it.c
2023-08-11 19:04:03,248 [INFO] CodeEngine:255 - oldGeneratedFile, D:\__GitHub\discoF746\STM32CubeIDE\020_SDRAM\Core\Inc\stm32f7xx_it.h_save
2023-08-11 19:04:03,297 [INFO] CodeEngine:279 - Generated code: D:\__GitHub\discoF746\STM32CubeIDE\020_SDRAM\Core\Inc\stm32f7xx_it.h
2023-08-11 19:04:03,310 [INFO] CodeEngine:255 - oldGeneratedFile, D:\__GitHub\discoF746\STM32CubeIDE\020_SDRAM\MXTmpFiles\mx_fmc_HC.tmp_save
2023-08-11 19:04:03,364 [INFO] CodeEngine:279 - Generated code: D:\__GitHub\discoF746\STM32CubeIDE\020_SDRAM\MXTmpFiles\mx_fmc_HC.tmp
2023-08-11 19:04:03,367 [INFO] CodeEngine:255 - oldGeneratedFile, D:\__GitHub\discoF746\STM32CubeIDE\020_SDRAM\MXTmpFiles\mx_fmc_GV.tmp_save
2023-08-11 19:04:03,412 [INFO] CodeEngine:279 - Generated code: D:\__GitHub\discoF746\STM32CubeIDE\020_SDRAM\MXTmpFiles\mx_fmc_GV.tmp
2023-08-11 19:04:03,426 [INFO] CodeEngine:255 - oldGeneratedFile, D:\__GitHub\discoF746\STM32CubeIDE\020_SDRAM\MXTmpFiles\mx_fmc_MSP.tmp_save
2023-08-11 19:04:03,478 [INFO] CodeEngine:279 - Generated code: D:\__GitHub\discoF746\STM32CubeIDE\020_SDRAM\MXTmpFiles\mx_fmc_MSP.tmp
2023-08-11 19:04:03,489 [INFO] CodeEngine:255 - oldGeneratedFile, D:\__GitHub\discoF746\STM32CubeIDE\020_SDRAM\Core\Src\stm32f7xx_hal_msp.c_save
2023-08-11 19:04:03,577 [INFO] CodeEngine:279 - Generated code: D:\__GitHub\discoF746\STM32CubeIDE\020_SDRAM\Core\Src\stm32f7xx_hal_msp.c
2023-08-11 19:04:03,583 [INFO] CodeEngine:255 - oldGeneratedFile, D:\__GitHub\discoF746\STM32CubeIDE\020_SDRAM\MXTmpFiles\system.tmp_save
2023-08-11 19:04:03,629 [INFO] CodeEngine:279 - Generated code: D:\__GitHub\discoF746\STM32CubeIDE\020_SDRAM\MXTmpFiles\system.tmp
2023-08-11 19:04:03,638 [INFO] CodeEngine:311 - oldGeneratedFile, D:\__GitHub\discoF746\STM32CubeIDE\020_SDRAM\Core\Inc\stm32f7xx_hal_conf.h_save
2023-08-11 19:04:03,712 [INFO] CodeEngine:335 - Generated code: D:\__GitHub\discoF746\STM32CubeIDE\020_SDRAM\Core\Inc\stm32f7xx_hal_conf.h
2023-08-11 19:04:03,744 [INFO] CodeEngine:255 - oldGeneratedFile, D:\__GitHub\discoF746\STM32CubeIDE\020_SDRAM\Core\Inc\main.h_save
2023-08-11 19:04:03,815 [INFO] CodeEngine:279 - Generated code: D:\__GitHub\discoF746\STM32CubeIDE\020_SDRAM\Core\Inc\main.h
2023-08-11 19:04:03,824 [INFO] CodeEngine:255 - oldGeneratedFile, D:\__GitHub\discoF746\STM32CubeIDE\020_SDRAM\Core\Src\main.c_save
2023-08-11 19:04:03,911 [INFO] CodeEngine:279 - Generated code: D:\__GitHub\discoF746\STM32CubeIDE\020_SDRAM\Core\Src\main.c
2023-08-11 19:04:04,222 [INFO] ProjectBuilder:3064 - Time for Copy HAL[1] : 46mS.
2023-08-11 19:04:04,223 [INFO] ProjectBuilder:4404 - Project Generator version: 4.1.0
2023-08-11 19:04:04,364 [INFO] ConfigFileManager:1457 - The Die is : DIE449
2023-08-11 19:04:05,293 [INFO] ProjectBuilder:4626 - Time for Generating toolchain IDE Files: 1069mS.
2023-08-11 19:04:05,293 [INFO] ProjectBuilder:2935 - Time for Copy CMSIS : 0mS.
2023-08-11 19:04:05,294 [INFO] ProjectBuilder:2935 - Time for Copy CMSIS : 0mS.
2023-08-11 19:06:32,843 [INFO] NvicIntPanel:101 - NVIC parent = com.st.microxplorer.plugins.ip.nvic.MultiNvicIntPanel[,0,0,0x0,invalid,layout=javax.swing.BoxLayout,alignmentX=0.0,alignmentY=0.0,border=,flags=9,maximumSize=,minimumSize=,preferredSize=]
2023-08-11 19:06:32,946 [INFO] NvicIntPanel:101 - NVIC parent = com.st.microxplorer.plugins.ip.nvic.MultiNvicIntPanel[,0,0,0x0,invalid,layout=javax.swing.BoxLayout,alignmentX=0.0,alignmentY=0.0,border=,flags=9,maximumSize=,minimumSize=,preferredSize=]
2023-08-11 19:06:37,600 [INFO] NvicIntPanel:101 - NVIC parent = com.st.microxplorer.plugins.ip.nvic.MultiNvicIntPanel[,0,0,0x0,invalid,layout=javax.swing.BoxLayout,alignmentX=0.0,alignmentY=0.0,border=,flags=9,maximumSize=,minimumSize=,preferredSize=]
2023-08-11 19:06:37,691 [INFO] NvicIntPanel:101 - NVIC parent = com.st.microxplorer.plugins.ip.nvic.MultiNvicIntPanel[,0,0,0x0,invalid,layout=javax.swing.BoxLayout,alignmentX=0.0,alignmentY=0.0,border=,flags=9,maximumSize=,minimumSize=,preferredSize=]
2023-08-11 19:06:57,577 [INFO] NvicIntPanel:101 - NVIC parent = com.st.microxplorer.plugins.ip.nvic.MultiNvicIntPanel[,0,0,0x0,invalid,layout=javax.swing.BoxLayout,alignmentX=0.0,alignmentY=0.0,border=,flags=9,maximumSize=,minimumSize=,preferredSize=]
2023-08-11 19:07:01,440 [INFO] NvicIntPanel:101 - NVIC parent = com.st.microxplorer.plugins.ip.nvic.MultiNvicIntPanel[,0,0,0x0,invalid,layout=javax.swing.BoxLayout,alignmentX=0.0,alignmentY=0.0,border=,flags=9,maximumSize=,minimumSize=,preferredSize=]
2023-08-11 19:07:04,807 [INFO] NvicIntPanel:101 - NVIC parent = com.st.microxplorer.plugins.ip.nvic.MultiNvicIntPanel[,0,0,0x0,invalid,layout=javax.swing.BoxLayout,alignmentX=0.0,alignmentY=0.0,border=,flags=9,maximumSize=,minimumSize=,preferredSize=]
2023-08-11 19:07:09,913 [INFO] NvicIntPanel:101 - NVIC parent = com.st.microxplorer.plugins.ip.nvic.MultiNvicIntPanel[,0,0,0x0,invalid,layout=javax.swing.BoxLayout,alignmentX=0.0,alignmentY=0.0,border=,flags=9,maximumSize=,minimumSize=,preferredSize=]
2023-08-11 19:07:09,997 [INFO] NvicIntPanel:101 - NVIC parent = com.st.microxplorer.plugins.ip.nvic.MultiNvicIntPanel[,0,0,0x0,invalid,layout=javax.swing.BoxLayout,alignmentX=0.0,alignmentY=0.0,border=,flags=9,maximumSize=,minimumSize=,preferredSize=]
2023-08-11 19:07:14,355 [INFO] NvicIntPanel:101 - NVIC parent = com.st.microxplorer.plugins.ip.nvic.MultiNvicIntPanel[,0,0,0x0,invalid,layout=javax.swing.BoxLayout,alignmentX=0.0,alignmentY=0.0,border=,flags=9,maximumSize=,minimumSize=,preferredSize=]
2023-08-11 19:07:16,239 [INFO] NvicIntPanel:101 - NVIC parent = com.st.microxplorer.plugins.ip.nvic.MultiNvicIntPanel[,0,0,0x0,invalid,layout=javax.swing.BoxLayout,alignmentX=0.0,alignmentY=0.0,border=,flags=9,maximumSize=,minimumSize=,preferredSize=]
2023-08-11 19:07:16,322 [INFO] NvicIntPanel:101 - NVIC parent = com.st.microxplorer.plugins.ip.nvic.MultiNvicIntPanel[,0,0,0x0,invalid,layout=javax.swing.BoxLayout,alignmentX=0.0,alignmentY=0.0,border=,flags=9,maximumSize=,minimumSize=,preferredSize=]
2023-08-11 19:07:18,854 [INFO] NvicIntPanel:101 - NVIC parent = com.st.microxplorer.plugins.ip.nvic.MultiNvicIntPanel[,0,0,0x0,invalid,layout=javax.swing.BoxLayout,alignmentX=0.0,alignmentY=0.0,border=,flags=9,maximumSize=,minimumSize=,preferredSize=]
2023-08-11 19:07:19,817 [INFO] UtilMem:75 - End SaveConfig() Used Memory: 725092648 Bytes (1001390080)
2023-08-11 19:07:19,897 [INFO] UtilMem:75 - End SaveConfig() Used Memory: 759695656 Bytes (1001390080)
2023-08-11 19:07:20,329 [INFO] UtilMem:75 - End SaveConfig() Used Memory: 347367040 Bytes (1001390080)
2023-08-11 19:07:20,515 [INFO] BlockDiagram:2759 - set Specific Code input for plugin: SYS
2023-08-11 19:07:20,515 [INFO] BlockDiagram:2759 - set Specific Code input for plugin: RCC
2023-08-11 19:07:20,515 [INFO] BlockDiagram:2759 - set Specific Code input for plugin: NVIC
2023-08-11 19:07:20,515 [INFO] BlockDiagram:2759 - set Specific Code input for plugin: FMC
2023-08-11 19:07:20,516 [INFO] BlockDiagram:2759 - set Specific Code input for plugin: GPIO
2023-08-11 19:07:20,516 [INFO] CodeGenerator:799 - code generatio: config db path: C:\STM32\STM32CubeIDE\STM32CubeIDE\plugins\com.st.stm32cube.common.mx_6.9.1.202307191849\\db\
2023-08-11 19:07:20,640 [INFO] CodeEngine:255 - oldGeneratedFile, D:\__GitHub\discoF746\STM32CubeIDE\020_SDRAM\MXTmpFiles\license.tmp_save
2023-08-11 19:07:20,702 [INFO] CodeEngine:279 - Generated code: D:\__GitHub\discoF746\STM32CubeIDE\020_SDRAM\MXTmpFiles\license.tmp
2023-08-11 19:07:20,729 [INFO] CodeEngine:255 - oldGeneratedFile, D:\__GitHub\discoF746\STM32CubeIDE\020_SDRAM\MXTmpFiles\gpio.tmp_save
2023-08-11 19:07:20,794 [INFO] CodeEngine:279 - Generated code: D:\__GitHub\discoF746\STM32CubeIDE\020_SDRAM\MXTmpFiles\gpio.tmp
2023-08-11 19:07:20,873 [INFO] CodeEngine:255 - oldGeneratedFile, D:\__GitHub\discoF746\STM32CubeIDE\020_SDRAM\MXTmpFiles\cortex.tmp_save
2023-08-11 19:07:20,936 [INFO] CodeEngine:279 - Generated code: D:\__GitHub\discoF746\STM32CubeIDE\020_SDRAM\MXTmpFiles\cortex.tmp
2023-08-11 19:07:20,940 [INFO] CodeEngine:255 - oldGeneratedFile, D:\__GitHub\discoF746\STM32CubeIDE\020_SDRAM\MXTmpFiles\mx_fmc_HC.tmp_save
2023-08-11 19:07:21,012 [INFO] CodeEngine:279 - Generated code: D:\__GitHub\discoF746\STM32CubeIDE\020_SDRAM\MXTmpFiles\mx_fmc_HC.tmp
2023-08-11 19:07:21,014 [INFO] CodeEngine:255 - oldGeneratedFile, D:\__GitHub\discoF746\STM32CubeIDE\020_SDRAM\MXTmpFiles\mx_fmc_GV.tmp_save
2023-08-11 19:07:21,060 [INFO] CodeEngine:279 - Generated code: D:\__GitHub\discoF746\STM32CubeIDE\020_SDRAM\MXTmpFiles\mx_fmc_GV.tmp
2023-08-11 19:07:21,062 [INFO] CodeEngine:255 - oldGeneratedFile, D:\__GitHub\discoF746\STM32CubeIDE\020_SDRAM\MXTmpFiles\mx_fmc_MSP.tmp_save
2023-08-11 19:07:21,125 [INFO] CodeEngine:279 - Generated code: D:\__GitHub\discoF746\STM32CubeIDE\020_SDRAM\MXTmpFiles\mx_fmc_MSP.tmp
2023-08-11 19:07:21,138 [INFO] CodeEngine:255 - oldGeneratedFile, D:\__GitHub\discoF746\STM32CubeIDE\020_SDRAM\Core\Src\stm32f7xx_it.c_save
2023-08-11 19:07:21,197 [INFO] CodeEngine:279 - Generated code: D:\__GitHub\discoF746\STM32CubeIDE\020_SDRAM\Core\Src\stm32f7xx_it.c
2023-08-11 19:07:21,199 [INFO] CodeEngine:255 - oldGeneratedFile, D:\__GitHub\discoF746\STM32CubeIDE\020_SDRAM\Core\Inc\stm32f7xx_it.h_save
2023-08-11 19:07:21,253 [INFO] CodeEngine:279 - Generated code: D:\__GitHub\discoF746\STM32CubeIDE\020_SDRAM\Core\Inc\stm32f7xx_it.h
2023-08-11 19:07:21,267 [INFO] CodeEngine:255 - oldGeneratedFile, D:\__GitHub\discoF746\STM32CubeIDE\020_SDRAM\MXTmpFiles\mx_fmc_HC.tmp_save
2023-08-11 19:07:21,318 [INFO] CodeEngine:279 - Generated code: D:\__GitHub\discoF746\STM32CubeIDE\020_SDRAM\MXTmpFiles\mx_fmc_HC.tmp
2023-08-11 19:07:21,321 [INFO] CodeEngine:255 - oldGeneratedFile, D:\__GitHub\discoF746\STM32CubeIDE\020_SDRAM\MXTmpFiles\mx_fmc_GV.tmp_save
2023-08-11 19:07:21,367 [INFO] CodeEngine:279 - Generated code: D:\__GitHub\discoF746\STM32CubeIDE\020_SDRAM\MXTmpFiles\mx_fmc_GV.tmp
2023-08-11 19:07:21,380 [INFO] CodeEngine:255 - oldGeneratedFile, D:\__GitHub\discoF746\STM32CubeIDE\020_SDRAM\MXTmpFiles\mx_fmc_MSP.tmp_save
2023-08-11 19:07:21,433 [INFO] CodeEngine:279 - Generated code: D:\__GitHub\discoF746\STM32CubeIDE\020_SDRAM\MXTmpFiles\mx_fmc_MSP.tmp
2023-08-11 19:07:21,447 [INFO] CodeEngine:255 - oldGeneratedFile, D:\__GitHub\discoF746\STM32CubeIDE\020_SDRAM\Core\Src\stm32f7xx_hal_msp.c_save
2023-08-11 19:07:21,530 [INFO] CodeEngine:279 - Generated code: D:\__GitHub\discoF746\STM32CubeIDE\020_SDRAM\Core\Src\stm32f7xx_hal_msp.c
2023-08-11 19:07:21,532 [INFO] CodeEngine:255 - oldGeneratedFile, D:\__GitHub\discoF746\STM32CubeIDE\020_SDRAM\MXTmpFiles\system.tmp_save
2023-08-11 19:07:21,577 [INFO] CodeEngine:279 - Generated code: D:\__GitHub\discoF746\STM32CubeIDE\020_SDRAM\MXTmpFiles\system.tmp
2023-08-11 19:07:21,588 [INFO] CodeEngine:311 - oldGeneratedFile, D:\__GitHub\discoF746\STM32CubeIDE\020_SDRAM\Core\Inc\stm32f7xx_hal_conf.h_save
2023-08-11 19:07:21,661 [INFO] CodeEngine:335 - Generated code: D:\__GitHub\discoF746\STM32CubeIDE\020_SDRAM\Core\Inc\stm32f7xx_hal_conf.h
2023-08-11 19:07:21,720 [INFO] CodeEngine:255 - oldGeneratedFile, D:\__GitHub\discoF746\STM32CubeIDE\020_SDRAM\Core\Inc\main.h_save
2023-08-11 19:07:21,779 [INFO] CodeEngine:279 - Generated code: D:\__GitHub\discoF746\STM32CubeIDE\020_SDRAM\Core\Inc\main.h
2023-08-11 19:07:21,788 [INFO] CodeEngine:255 - oldGeneratedFile, D:\__GitHub\discoF746\STM32CubeIDE\020_SDRAM\Core\Src\main.c_save
2023-08-11 19:07:21,878 [INFO] CodeEngine:279 - Generated code: D:\__GitHub\discoF746\STM32CubeIDE\020_SDRAM\Core\Src\main.c
2023-08-11 19:07:22,214 [INFO] ProjectBuilder:3064 - Time for Copy HAL[1] : 47mS.
2023-08-11 19:07:22,215 [INFO] ProjectBuilder:4404 - Project Generator version: 4.1.0
2023-08-11 19:07:22,356 [INFO] ConfigFileManager:1457 - The Die is : DIE449
2023-08-11 19:07:23,134 [INFO] ProjectBuilder:4626 - Time for Generating toolchain IDE Files: 919mS.
2023-08-11 19:07:23,134 [INFO] ProjectBuilder:2935 - Time for Copy CMSIS : 0mS.
2023-08-11 19:07:23,135 [INFO] ProjectBuilder:2935 - Time for Copy CMSIS : 0mS.
